{"$message_type":"diagnostic","message":"unresolved import `plonky2::field::field_types`","code":{"code":"E0432","explanation":"An import was unresolved.\n\nErroneous code example:\n\n```compile_fail,E0432\nuse something::Foo; // error: unresolved import `something::Foo`.\n```\n\nIn Rust 2015, paths in `use` statements are relative to the crate root. To\nimport items relative to the current and parent modules, use the `self::` and\n`super::` prefixes, respectively.\n\nIn Rust 2018 or later, paths in `use` statements are relative to the current\nmodule unless they begin with the name of a crate or a literal `crate::`, in\nwhich case they start from the crate root. As in Rust 2015 code, the `self::`\nand `super::` prefixes refer to the current and parent modules respectively.\n\nAlso verify that you didn't misspell the import name and that the import exists\nin the module from where you tried to import it. Example:\n\n```\nuse self::something::Foo; // Ok.\n\nmod something {\n    pub struct Foo;\n}\n# fn main() {}\n```\n\nIf you tried to use a module from an external crate and are using Rust 2015,\nyou may have missed the `extern crate` declaration (which is usually placed in\nthe crate root):\n\n```edition2015\nextern crate core; // Required to use the `core` crate in Rust 2015.\n\nuse core::any;\n# fn main() {}\n```\n\nSince Rust 2018 the `extern crate` declaration is not required and\nyou can instead just `use` it:\n\n```edition2018\nuse core::any; // No extern crate required in Rust 2018.\n# fn main() {}\n```\n"},"level":"error","spans":[{"file_name":"src/signal.rs","byte_start":477,"byte_end":488,"line_start":19,"line_end":19,"column_start":25,"column_end":36,"is_primary":true,"text":[{"text":"    use plonky2::field::field_types::Field;","highlight_start":25,"highlight_end":36}],"label":"could not find `field_types` in `field`","suggested_replacement":null,"suggestion_applicability":null,"expansion":null}],"children":[],"rendered":"\u001b[0m\u001b[1m\u001b[38;5;9merror[E0432]\u001b[0m\u001b[0m\u001b[1m: unresolved import `plonky2::field::field_types`\u001b[0m\n\u001b[0m  \u001b[0m\u001b[0m\u001b[1m\u001b[38;5;12m--> \u001b[0m\u001b[0msrc/signal.rs:19:25\u001b[0m\n\u001b[0m   \u001b[0m\u001b[0m\u001b[1m\u001b[38;5;12m|\u001b[0m\n\u001b[0m\u001b[1m\u001b[38;5;12m19\u001b[0m\u001b[0m \u001b[0m\u001b[0m\u001b[1m\u001b[38;5;12m|\u001b[0m\u001b[0m \u001b[0m\u001b[0m    use plonky2::field::field_types::Field;\u001b[0m\n\u001b[0m   \u001b[0m\u001b[0m\u001b[1m\u001b[38;5;12m| \u001b[0m\u001b[0m                        \u001b[0m\u001b[0m\u001b[1m\u001b[38;5;9m^^^^^^^^^^^\u001b[0m\u001b[0m \u001b[0m\u001b[0m\u001b[1m\u001b[38;5;9mcould not find `field_types` in `field`\u001b[0m\n\n"}
{"$message_type":"diagnostic","message":"unused import: `Witness`","code":{"code":"unused_imports","explanation":null},"level":"warning","spans":[{"file_name":"src/circuit.rs","byte_start":239,"byte_end":246,"line_start":5,"line_end":5,"column_start":45,"column_end":52,"is_primary":true,"text":[{"text":"use plonky2::iop::witness::{PartialWitness, Witness};","highlight_start":45,"highlight_end":52}],"label":null,"suggested_replacement":null,"suggestion_applicability":null,"expansion":null}],"children":[{"message":"`#[warn(unused_imports)]` on by default","code":null,"level":"note","spans":[],"children":[],"rendered":null},{"message":"remove the unused import","code":null,"level":"help","spans":[{"file_name":"src/circuit.rs","byte_start":237,"byte_end":246,"line_start":5,"line_end":5,"column_start":43,"column_end":52,"is_primary":true,"text":[{"text":"use plonky2::iop::witness::{PartialWitness, Witness};","highlight_start":43,"highlight_end":52}],"label":null,"suggested_replacement":"","suggestion_applicability":"MachineApplicable","expansion":null}],"children":[],"rendered":null}],"rendered":"\u001b[0m\u001b[1m\u001b[33mwarning\u001b[0m\u001b[0m\u001b[1m: unused import: `Witness`\u001b[0m\n\u001b[0m \u001b[0m\u001b[0m\u001b[1m\u001b[38;5;12m--> \u001b[0m\u001b[0msrc/circuit.rs:5:45\u001b[0m\n\u001b[0m  \u001b[0m\u001b[0m\u001b[1m\u001b[38;5;12m|\u001b[0m\n\u001b[0m\u001b[1m\u001b[38;5;12m5\u001b[0m\u001b[0m \u001b[0m\u001b[0m\u001b[1m\u001b[38;5;12m|\u001b[0m\u001b[0m \u001b[0m\u001b[0muse plonky2::iop::witness::{PartialWitness, Witness};\u001b[0m\n\u001b[0m  \u001b[0m\u001b[0m\u001b[1m\u001b[38;5;12m| \u001b[0m\u001b[0m                                            \u001b[0m\u001b[0m\u001b[1m\u001b[33m^^^^^^^\u001b[0m\n\u001b[0m  \u001b[0m\u001b[0m\u001b[1m\u001b[38;5;12m|\u001b[0m\n\u001b[0m  \u001b[0m\u001b[0m\u001b[1m\u001b[38;5;12m= \u001b[0m\u001b[0m\u001b[1mnote\u001b[0m\u001b[0m: `#[warn(unused_imports)]` on by default\u001b[0m\n\n"}
{"$message_type":"diagnostic","message":"unused import: `Witness`","code":{"code":"unused_imports","explanation":null},"level":"warning","spans":[{"file_name":"src/recursion.rs","byte_start":44,"byte_end":51,"line_start":1,"line_end":1,"column_start":45,"column_end":52,"is_primary":true,"text":[{"text":"use plonky2::iop::witness::{PartialWitness, Witness};","highlight_start":45,"highlight_end":52}],"label":null,"suggested_replacement":null,"suggestion_applicability":null,"expansion":null}],"children":[{"message":"remove the unused import","code":null,"level":"help","spans":[{"file_name":"src/recursion.rs","byte_start":42,"byte_end":51,"line_start":1,"line_end":1,"column_start":43,"column_end":52,"is_primary":true,"text":[{"text":"use plonky2::iop::witness::{PartialWitness, Witness};","highlight_start":43,"highlight_end":52}],"label":null,"suggested_replacement":"","suggestion_applicability":"MachineApplicable","expansion":null}],"children":[],"rendered":null}],"rendered":"\u001b[0m\u001b[1m\u001b[33mwarning\u001b[0m\u001b[0m\u001b[1m: unused import: `Witness`\u001b[0m\n\u001b[0m \u001b[0m\u001b[0m\u001b[1m\u001b[38;5;12m--> \u001b[0m\u001b[0msrc/recursion.rs:1:45\u001b[0m\n\u001b[0m  \u001b[0m\u001b[0m\u001b[1m\u001b[38;5;12m|\u001b[0m\n\u001b[0m\u001b[1m\u001b[38;5;12m1\u001b[0m\u001b[0m \u001b[0m\u001b[0m\u001b[1m\u001b[38;5;12m|\u001b[0m\u001b[0m \u001b[0m\u001b[0muse plonky2::iop::witness::{PartialWitness, Witness};\u001b[0m\n\u001b[0m  \u001b[0m\u001b[0m\u001b[1m\u001b[38;5;12m| \u001b[0m\u001b[0m                                            \u001b[0m\u001b[0m\u001b[1m\u001b[33m^^^^^^^\u001b[0m\n\n"}
{"$message_type":"diagnostic","message":"no method named `to_verifier_data` found for struct `CircuitData` in the current scope","code":{"code":"E0599","explanation":"This error occurs when a method is used on a type which doesn't implement it:\n\nErroneous code example:\n\n```compile_fail,E0599\nstruct Mouth;\n\nlet x = Mouth;\nx.chocolate(); // error: no method named `chocolate` found for type `Mouth`\n               //        in the current scope\n```\n\nIn this case, you need to implement the `chocolate` method to fix the error:\n\n```\nstruct Mouth;\n\nimpl Mouth {\n    fn chocolate(&self) { // We implement the `chocolate` method here.\n        println!(\"Hmmm! I love chocolate!\");\n    }\n}\n\nlet x = Mouth;\nx.chocolate(); // ok!\n```\n"},"level":"error","spans":[{"file_name":"src/access_set.rs","byte_start":1807,"byte_end":1823,"line_start":59,"line_end":59,"column_start":18,"column_end":34,"is_primary":true,"text":[{"text":"            data.to_verifier_data(),","highlight_start":18,"highlight_end":34}],"label":null,"suggested_replacement":null,"suggestion_applicability":null,"expansion":null}],"children":[{"message":"there is a method `verifier_data` with a similar name","code":null,"level":"help","spans":[{"file_name":"src/access_set.rs","byte_start":1807,"byte_end":1823,"line_start":59,"line_end":59,"column_start":18,"column_end":34,"is_primary":true,"text":[{"text":"            data.to_verifier_data(),","highlight_start":18,"highlight_end":34}],"label":null,"suggested_replacement":"verifier_data","suggestion_applicability":"MaybeIncorrect","expansion":null}],"children":[],"rendered":null}],"rendered":"\u001b[0m\u001b[1m\u001b[38;5;9merror[E0599]\u001b[0m\u001b[0m\u001b[1m: no method named `to_verifier_data` found for struct `CircuitData` in the current scope\u001b[0m\n\u001b[0m  \u001b[0m\u001b[0m\u001b[1m\u001b[38;5;12m--> \u001b[0m\u001b[0msrc/access_set.rs:59:18\u001b[0m\n\u001b[0m   \u001b[0m\u001b[0m\u001b[1m\u001b[38;5;12m|\u001b[0m\n\u001b[0m\u001b[1m\u001b[38;5;12m59\u001b[0m\u001b[0m \u001b[0m\u001b[0m\u001b[1m\u001b[38;5;12m|\u001b[0m\u001b[0m \u001b[0m\u001b[0m            data.to_verifier_data(),\u001b[0m\n\u001b[0m   \u001b[0m\u001b[0m\u001b[1m\u001b[38;5;12m| \u001b[0m\u001b[0m                 \u001b[0m\u001b[0m\u001b[1m\u001b[38;5;9m^^^^^^^^^^^^^^^^\u001b[0m\n\u001b[0m   \u001b[0m\u001b[0m\u001b[1m\u001b[38;5;12m|\u001b[0m\n\u001b[0m\u001b[1m\u001b[38;5;14mhelp\u001b[0m\u001b[0m: there is a method `verifier_data` with a similar name\u001b[0m\n\u001b[0m   \u001b[0m\u001b[0m\u001b[1m\u001b[38;5;12m|\u001b[0m\n\u001b[0m\u001b[1m\u001b[38;5;12m59\u001b[0m\u001b[0m \u001b[0m\u001b[0m\u001b[1m\u001b[38;5;12m| \u001b[0m\u001b[0m            data.\u001b[0m\u001b[0m\u001b[38;5;10mverifier_data\u001b[0m\u001b[0m(),\u001b[0m\n\u001b[0m   \u001b[0m\u001b[0m\u001b[1m\u001b[38;5;12m|\u001b[0m\u001b[0m                  \u001b[0m\u001b[0m\u001b[38;5;10m~~~~~~~~~~~~~\u001b[0m\n\n"}
{"$message_type":"diagnostic","message":"mismatched types","code":{"code":"E0308","explanation":"Expected type did not match the received type.\n\nErroneous code examples:\n\n```compile_fail,E0308\nfn plus_one(x: i32) -> i32 {\n    x + 1\n}\n\nplus_one(\"Not a number\");\n//       ^^^^^^^^^^^^^^ expected `i32`, found `&str`\n\nif \"Not a bool\" {\n// ^^^^^^^^^^^^ expected `bool`, found `&str`\n}\n\nlet x: f32 = \"Not a float\";\n//     ---   ^^^^^^^^^^^^^ expected `f32`, found `&str`\n//     |\n//     expected due to this\n```\n\nThis error occurs when an expression was used in a place where the compiler\nexpected an expression of a different type. It can occur in several cases, the\nmost common being when calling a function and passing an argument which has a\ndifferent type than the matching type in the function declaration.\n"},"level":"error","spans":[{"file_name":"src/circuit.rs","byte_start":1791,"byte_end":1826,"line_start":46,"line_end":46,"column_start":13,"column_end":48,"is_primary":true,"text":[{"text":"            &MerkleCapTarget(vec![merkle_root]),","highlight_start":13,"highlight_end":48}],"label":"expected `HashOutTarget`, found `&MerkleCapTarget`","suggested_replacement":null,"suggestion_applicability":null,"expansion":null},{"file_name":"src/circuit.rs","byte_start":1659,"byte_end":1694,"line_start":43,"line_end":43,"column_start":17,"column_end":52,"is_primary":false,"text":[{"text":"        builder.verify_merkle_proof::<PoseidonHash>(","highlight_start":17,"highlight_end":52}],"label":"arguments to this method are incorrect","suggested_replacement":null,"suggestion_applicability":null,"expansion":null}],"children":[{"message":"method defined here","code":null,"level":"note","spans":[{"file_name":"/home/shuang/.cargo/git/checkouts/plonky2-7767d84a5a370f2d/56e1b98/plonky2/src/hash/merkle_proofs.rs","byte_start":2688,"byte_end":2707,"line_start":82,"line_end":82,"column_start":12,"column_end":31,"is_primary":true,"text":[{"text":"    pub fn verify_merkle_proof<H: AlgebraicHasher<F>>(","highlight_start":12,"highlight_end":31}],"label":null,"suggested_replacement":null,"suggestion_applicability":null,"expansion":null}],"children":[],"rendered":null}],"rendered":"\u001b[0m\u001b[1m\u001b[38;5;9merror[E0308]\u001b[0m\u001b[0m\u001b[1m: mismatched types\u001b[0m\n\u001b[0m  \u001b[0m\u001b[0m\u001b[1m\u001b[38;5;12m--> \u001b[0m\u001b[0msrc/circuit.rs:46:13\u001b[0m\n\u001b[0m   \u001b[0m\u001b[0m\u001b[1m\u001b[38;5;12m|\u001b[0m\n\u001b[0m\u001b[1m\u001b[38;5;12m43\u001b[0m\u001b[0m \u001b[0m\u001b[0m\u001b[1m\u001b[38;5;12m|\u001b[0m\u001b[0m \u001b[0m\u001b[0m        builder.verify_merkle_proof::<PoseidonHash>(\u001b[0m\n\u001b[0m   \u001b[0m\u001b[0m\u001b[1m\u001b[38;5;12m| \u001b[0m\u001b[0m                \u001b[0m\u001b[0m\u001b[1m\u001b[38;5;12m-----------------------------------\u001b[0m\u001b[0m \u001b[0m\u001b[0m\u001b[1m\u001b[38;5;12marguments to this method are incorrect\u001b[0m\n\u001b[0m\u001b[1m\u001b[38;5;12m...\u001b[0m\n\u001b[0m\u001b[1m\u001b[38;5;12m46\u001b[0m\u001b[0m \u001b[0m\u001b[0m\u001b[1m\u001b[38;5;12m|\u001b[0m\u001b[0m \u001b[0m\u001b[0m            &MerkleCapTarget(vec![merkle_root]),\u001b[0m\n\u001b[0m   \u001b[0m\u001b[0m\u001b[1m\u001b[38;5;12m| \u001b[0m\u001b[0m            \u001b[0m\u001b[0m\u001b[1m\u001b[38;5;9m^^^^^^^^^^^^^^^^^^^^^^^^^^^^^^^^^^^\u001b[0m\u001b[0m \u001b[0m\u001b[0m\u001b[1m\u001b[38;5;9mexpected `HashOutTarget`, found `&MerkleCapTarget`\u001b[0m\n\u001b[0m   \u001b[0m\u001b[0m\u001b[1m\u001b[38;5;12m|\u001b[0m\n\u001b[0m\u001b[1m\u001b[38;5;10mnote\u001b[0m\u001b[0m: method defined here\u001b[0m\n\u001b[0m  \u001b[0m\u001b[0m\u001b[1m\u001b[38;5;12m--> \u001b[0m\u001b[0m/home/shuang/.cargo/git/checkouts/plonky2-7767d84a5a370f2d/56e1b98/plonky2/src/hash/merkle_proofs.rs:82:12\u001b[0m\n\u001b[0m   \u001b[0m\u001b[0m\u001b[1m\u001b[38;5;12m|\u001b[0m\n\u001b[0m\u001b[1m\u001b[38;5;12m82\u001b[0m\u001b[0m \u001b[0m\u001b[0m\u001b[1m\u001b[38;5;12m|\u001b[0m\u001b[0m \u001b[0m\u001b[0m    pub fn verify_merkle_proof<H: AlgebraicHasher<F>>(\u001b[0m\n\u001b[0m   \u001b[0m\u001b[0m\u001b[1m\u001b[38;5;12m| \u001b[0m\u001b[0m           \u001b[0m\u001b[0m\u001b[1m\u001b[38;5;10m^^^^^^^^^^^^^^^^^^^\u001b[0m\n\n"}
{"$message_type":"diagnostic","message":"no method named `set_hash_target` found for mutable reference `&mut PartialWitness<GoldilocksField>` in the current scope","code":{"code":"E0599","explanation":"This error occurs when a method is used on a type which doesn't implement it:\n\nErroneous code example:\n\n```compile_fail,E0599\nstruct Mouth;\n\nlet x = Mouth;\nx.chocolate(); // error: no method named `chocolate` found for type `Mouth`\n               //        in the current scope\n```\n\nIn this case, you need to implement the `chocolate` method to fix the error:\n\n```\nstruct Mouth;\n\nimpl Mouth {\n    fn chocolate(&self) { // We implement the `chocolate` method here.\n        println!(\"Hmmm! I love chocolate!\");\n    }\n}\n\nlet x = Mouth;\nx.chocolate(); // ok!\n```\n"},"level":"error","spans":[{"file_name":"src/circuit.rs","byte_start":2791,"byte_end":2806,"line_start":82,"line_end":82,"column_start":12,"column_end":27,"is_primary":true,"text":[{"text":"        pw.set_hash_target(merkle_root, self.0.cap.0[0]);","highlight_start":12,"highlight_end":27}],"label":null,"suggested_replacement":null,"suggestion_applicability":null,"expansion":null}],"children":[{"message":"items from traits can only be used if the trait is in scope","code":null,"level":"help","spans":[],"children":[],"rendered":null},{"message":"there is a method `get_hash_target` with a similar name, but with different arguments","code":null,"level":"help","spans":[{"file_name":"/home/shuang/.cargo/git/checkouts/plonky2-7767d84a5a370f2d/56e1b98/plonky2/src/iop/witness.rs","byte_start":6970,"byte_end":7028,"line_start":219,"line_end":219,"column_start":5,"column_end":63,"is_primary":true,"text":[{"text":"    fn get_hash_target(&self, ht: HashOutTarget) -> HashOut<F> {","highlight_start":5,"highlight_end":63}],"label":null,"suggested_replacement":null,"suggestion_applicability":null,"expansion":null}],"children":[],"rendered":null},{"message":"trait `WitnessWrite` which provides `set_hash_target` is implemented but not in scope; perhaps you want to import it","code":null,"level":"help","spans":[{"file_name":"src/circuit.rs","byte_start":0,"byte_end":0,"line_start":1,"line_end":1,"column_start":1,"column_end":1,"is_primary":true,"text":[{"text":"use plonky2::hash::hash_types::{HashOutTarget, MerkleCapTarget};","highlight_start":1,"highlight_end":1}],"label":null,"suggested_replacement":"use plonky2::iop::witness::WitnessWrite;\n","suggestion_applicability":"MaybeIncorrect","expansion":null}],"children":[],"rendered":null}],"rendered":"\u001b[0m\u001b[1m\u001b[38;5;9merror[E0599]\u001b[0m\u001b[0m\u001b[1m: no method named `set_hash_target` found for mutable reference `&mut PartialWitness<GoldilocksField>` in the current scope\u001b[0m\n\u001b[0m   \u001b[0m\u001b[0m\u001b[1m\u001b[38;5;12m--> \u001b[0m\u001b[0msrc/circuit.rs:82:12\u001b[0m\n\u001b[0m    \u001b[0m\u001b[0m\u001b[1m\u001b[38;5;12m|\u001b[0m\n\u001b[0m\u001b[1m\u001b[38;5;12m82\u001b[0m\u001b[0m  \u001b[0m\u001b[0m\u001b[1m\u001b[38;5;12m|\u001b[0m\u001b[0m \u001b[0m\u001b[0m        pw.set_hash_target(merkle_root, self.0.cap.0[0]);\u001b[0m\n\u001b[0m    \u001b[0m\u001b[0m\u001b[1m\u001b[38;5;12m| \u001b[0m\u001b[0m           \u001b[0m\u001b[0m\u001b[1m\u001b[38;5;9m^^^^^^^^^^^^^^^\u001b[0m\n\u001b[0m    \u001b[0m\u001b[0m\u001b[1m\u001b[38;5;12m|\u001b[0m\n\u001b[0m    \u001b[0m\u001b[0m\u001b[1m\u001b[38;5;12m= \u001b[0m\u001b[0m\u001b[1mhelp\u001b[0m\u001b[0m: items from traits can only be used if the trait is in scope\u001b[0m\n\u001b[0m\u001b[1m\u001b[38;5;14mhelp\u001b[0m\u001b[0m: there is a method `get_hash_target` with a similar name, but with different arguments\u001b[0m\n\u001b[0m   \u001b[0m\u001b[0m\u001b[1m\u001b[38;5;12m--> \u001b[0m\u001b[0m/home/shuang/.cargo/git/checkouts/plonky2-7767d84a5a370f2d/56e1b98/plonky2/src/iop/witness.rs:219:5\u001b[0m\n\u001b[0m    \u001b[0m\u001b[0m\u001b[1m\u001b[38;5;12m|\u001b[0m\n\u001b[0m\u001b[1m\u001b[38;5;12m219\u001b[0m\u001b[0m \u001b[0m\u001b[0m\u001b[1m\u001b[38;5;12m|\u001b[0m\u001b[0m \u001b[0m\u001b[0m    fn get_hash_target(&self, ht: HashOutTarget) -> HashOut<F> {\u001b[0m\n\u001b[0m    \u001b[0m\u001b[0m\u001b[1m\u001b[38;5;12m| \u001b[0m\u001b[0m    \u001b[0m\u001b[0m\u001b[1m\u001b[38;5;14m^^^^^^^^^^^^^^^^^^^^^^^^^^^^^^^^^^^^^^^^^^^^^^^^^^^^^^^^^^\u001b[0m\n\u001b[0m\u001b[1m\u001b[38;5;14mhelp\u001b[0m\u001b[0m: trait `WitnessWrite` which provides `set_hash_target` is implemented but not in scope; perhaps you want to import it\u001b[0m\n\u001b[0m    \u001b[0m\u001b[0m\u001b[1m\u001b[38;5;12m|\u001b[0m\n\u001b[0m\u001b[1m\u001b[38;5;12m1\u001b[0m\u001b[0m   \u001b[0m\u001b[0m\u001b[38;5;10m+ use plonky2::iop::witness::WitnessWrite;\u001b[0m\n\u001b[0m    \u001b[0m\u001b[0m\u001b[1m\u001b[38;5;12m|\u001b[0m\n\n"}
{"$message_type":"diagnostic","message":"no method named `set_targets` found for mutable reference `&mut PartialWitness<GoldilocksField>` in the current scope","code":{"code":"E0599","explanation":"This error occurs when a method is used on a type which doesn't implement it:\n\nErroneous code example:\n\n```compile_fail,E0599\nstruct Mouth;\n\nlet x = Mouth;\nx.chocolate(); // error: no method named `chocolate` found for type `Mouth`\n               //        in the current scope\n```\n\nIn this case, you need to implement the `chocolate` method to fix the error:\n\n```\nstruct Mouth;\n\nimpl Mouth {\n    fn chocolate(&self) { // We implement the `chocolate` method here.\n        println!(\"Hmmm! I love chocolate!\");\n    }\n}\n\nlet x = Mouth;\nx.chocolate(); // ok!\n```\n"},"level":"error","spans":[{"file_name":"src/circuit.rs","byte_start":2849,"byte_end":2860,"line_start":83,"line_end":83,"column_start":12,"column_end":23,"is_primary":true,"text":[{"text":"        pw.set_targets(&private_key_target, &private_key);","highlight_start":12,"highlight_end":23}],"label":null,"suggested_replacement":null,"suggestion_applicability":null,"expansion":null}],"children":[{"message":"there is a method `get_targets` with a similar name, but with different arguments","code":null,"level":"help","spans":[{"file_name":"/home/shuang/.cargo/git/checkouts/plonky2-7767d84a5a370f2d/56e1b98/plonky2/src/iop/witness.rs","byte_start":6030,"byte_end":6081,"line_start":186,"line_end":186,"column_start":5,"column_end":56,"is_primary":true,"text":[{"text":"    fn get_targets(&self, targets: &[Target]) -> Vec<F> {","highlight_start":5,"highlight_end":56}],"label":null,"suggested_replacement":null,"suggestion_applicability":null,"expansion":null}],"children":[],"rendered":null}],"rendered":"\u001b[0m\u001b[1m\u001b[38;5;9merror[E0599]\u001b[0m\u001b[0m\u001b[1m: no method named `set_targets` found for mutable reference `&mut PartialWitness<GoldilocksField>` in the current scope\u001b[0m\n\u001b[0m   \u001b[0m\u001b[0m\u001b[1m\u001b[38;5;12m--> \u001b[0m\u001b[0msrc/circuit.rs:83:12\u001b[0m\n\u001b[0m    \u001b[0m\u001b[0m\u001b[1m\u001b[38;5;12m|\u001b[0m\n\u001b[0m\u001b[1m\u001b[38;5;12m83\u001b[0m\u001b[0m  \u001b[0m\u001b[0m\u001b[1m\u001b[38;5;12m|\u001b[0m\u001b[0m \u001b[0m\u001b[0m        pw.set_targets(&private_key_target, &private_key);\u001b[0m\n\u001b[0m    \u001b[0m\u001b[0m\u001b[1m\u001b[38;5;12m| \u001b[0m\u001b[0m           \u001b[0m\u001b[0m\u001b[1m\u001b[38;5;9m^^^^^^^^^^^\u001b[0m\n\u001b[0m    \u001b[0m\u001b[0m\u001b[1m\u001b[38;5;12m|\u001b[0m\n\u001b[0m\u001b[1m\u001b[38;5;14mhelp\u001b[0m\u001b[0m: there is a method `get_targets` with a similar name, but with different arguments\u001b[0m\n\u001b[0m   \u001b[0m\u001b[0m\u001b[1m\u001b[38;5;12m--> \u001b[0m\u001b[0m/home/shuang/.cargo/git/checkouts/plonky2-7767d84a5a370f2d/56e1b98/plonky2/src/iop/witness.rs:186:5\u001b[0m\n\u001b[0m    \u001b[0m\u001b[0m\u001b[1m\u001b[38;5;12m|\u001b[0m\n\u001b[0m\u001b[1m\u001b[38;5;12m186\u001b[0m\u001b[0m \u001b[0m\u001b[0m\u001b[1m\u001b[38;5;12m|\u001b[0m\u001b[0m \u001b[0m\u001b[0m    fn get_targets(&self, targets: &[Target]) -> Vec<F> {\u001b[0m\n\u001b[0m    \u001b[0m\u001b[0m\u001b[1m\u001b[38;5;12m| \u001b[0m\u001b[0m    \u001b[0m\u001b[0m\u001b[1m\u001b[38;5;14m^^^^^^^^^^^^^^^^^^^^^^^^^^^^^^^^^^^^^^^^^^^^^^^^^^^\u001b[0m\n\n"}
{"$message_type":"diagnostic","message":"no method named `set_targets` found for mutable reference `&mut PartialWitness<GoldilocksField>` in the current scope","code":{"code":"E0599","explanation":"This error occurs when a method is used on a type which doesn't implement it:\n\nErroneous code example:\n\n```compile_fail,E0599\nstruct Mouth;\n\nlet x = Mouth;\nx.chocolate(); // error: no method named `chocolate` found for type `Mouth`\n               //        in the current scope\n```\n\nIn this case, you need to implement the `chocolate` method to fix the error:\n\n```\nstruct Mouth;\n\nimpl Mouth {\n    fn chocolate(&self) { // We implement the `chocolate` method here.\n        println!(\"Hmmm! I love chocolate!\");\n    }\n}\n\nlet x = Mouth;\nx.chocolate(); // ok!\n```\n"},"level":"error","spans":[{"file_name":"src/circuit.rs","byte_start":2908,"byte_end":2919,"line_start":84,"line_end":84,"column_start":12,"column_end":23,"is_primary":true,"text":[{"text":"        pw.set_targets(&topic_target, &topic);","highlight_start":12,"highlight_end":23}],"label":null,"suggested_replacement":null,"suggestion_applicability":null,"expansion":null}],"children":[{"message":"there is a method `get_targets` with a similar name, but with different arguments","code":null,"level":"help","spans":[{"file_name":"/home/shuang/.cargo/git/checkouts/plonky2-7767d84a5a370f2d/56e1b98/plonky2/src/iop/witness.rs","byte_start":6030,"byte_end":6081,"line_start":186,"line_end":186,"column_start":5,"column_end":56,"is_primary":true,"text":[{"text":"    fn get_targets(&self, targets: &[Target]) -> Vec<F> {","highlight_start":5,"highlight_end":56}],"label":null,"suggested_replacement":null,"suggestion_applicability":null,"expansion":null}],"children":[],"rendered":null}],"rendered":"\u001b[0m\u001b[1m\u001b[38;5;9merror[E0599]\u001b[0m\u001b[0m\u001b[1m: no method named `set_targets` found for mutable reference `&mut PartialWitness<GoldilocksField>` in the current scope\u001b[0m\n\u001b[0m   \u001b[0m\u001b[0m\u001b[1m\u001b[38;5;12m--> \u001b[0m\u001b[0msrc/circuit.rs:84:12\u001b[0m\n\u001b[0m    \u001b[0m\u001b[0m\u001b[1m\u001b[38;5;12m|\u001b[0m\n\u001b[0m\u001b[1m\u001b[38;5;12m84\u001b[0m\u001b[0m  \u001b[0m\u001b[0m\u001b[1m\u001b[38;5;12m|\u001b[0m\u001b[0m \u001b[0m\u001b[0m        pw.set_targets(&topic_target, &topic);\u001b[0m\n\u001b[0m    \u001b[0m\u001b[0m\u001b[1m\u001b[38;5;12m| \u001b[0m\u001b[0m           \u001b[0m\u001b[0m\u001b[1m\u001b[38;5;9m^^^^^^^^^^^\u001b[0m\n\u001b[0m    \u001b[0m\u001b[0m\u001b[1m\u001b[38;5;12m|\u001b[0m\n\u001b[0m\u001b[1m\u001b[38;5;14mhelp\u001b[0m\u001b[0m: there is a method `get_targets` with a similar name, but with different arguments\u001b[0m\n\u001b[0m   \u001b[0m\u001b[0m\u001b[1m\u001b[38;5;12m--> \u001b[0m\u001b[0m/home/shuang/.cargo/git/checkouts/plonky2-7767d84a5a370f2d/56e1b98/plonky2/src/iop/witness.rs:186:5\u001b[0m\n\u001b[0m    \u001b[0m\u001b[0m\u001b[1m\u001b[38;5;12m|\u001b[0m\n\u001b[0m\u001b[1m\u001b[38;5;12m186\u001b[0m\u001b[0m \u001b[0m\u001b[0m\u001b[1m\u001b[38;5;12m|\u001b[0m\u001b[0m \u001b[0m\u001b[0m    fn get_targets(&self, targets: &[Target]) -> Vec<F> {\u001b[0m\n\u001b[0m    \u001b[0m\u001b[0m\u001b[1m\u001b[38;5;12m| \u001b[0m\u001b[0m    \u001b[0m\u001b[0m\u001b[1m\u001b[38;5;14m^^^^^^^^^^^^^^^^^^^^^^^^^^^^^^^^^^^^^^^^^^^^^^^^^^^\u001b[0m\n\n"}
{"$message_type":"diagnostic","message":"no method named `set_target` found for mutable reference `&mut PartialWitness<GoldilocksField>` in the current scope","code":{"code":"E0599","explanation":"This error occurs when a method is used on a type which doesn't implement it:\n\nErroneous code example:\n\n```compile_fail,E0599\nstruct Mouth;\n\nlet x = Mouth;\nx.chocolate(); // error: no method named `chocolate` found for type `Mouth`\n               //        in the current scope\n```\n\nIn this case, you need to implement the `chocolate` method to fix the error:\n\n```\nstruct Mouth;\n\nimpl Mouth {\n    fn chocolate(&self) { // We implement the `chocolate` method here.\n        println!(\"Hmmm! I love chocolate!\");\n    }\n}\n\nlet x = Mouth;\nx.chocolate(); // ok!\n```\n"},"level":"error","spans":[{"file_name":"src/circuit.rs","byte_start":2952,"byte_end":2955,"line_start":85,"line_end":85,"column_start":9,"column_end":12,"is_primary":false,"text":[{"text":"        pw.set_target(","highlight_start":9,"highlight_end":12}],"label":"","suggested_replacement":null,"suggestion_applicability":null,"expansion":null},{"file_name":"src/circuit.rs","byte_start":2955,"byte_end":2965,"line_start":85,"line_end":85,"column_start":12,"column_end":22,"is_primary":true,"text":[{"text":"        pw.set_target(","highlight_start":12,"highlight_end":22}],"label":null,"suggested_replacement":null,"suggestion_applicability":null,"expansion":null}],"children":[{"message":"items from traits can only be used if the trait is in scope","code":null,"level":"help","spans":[],"children":[],"rendered":null},{"message":"there is a method `get_target` with a similar name, but with different arguments","code":null,"level":"help","spans":[{"file_name":"/home/shuang/.cargo/git/checkouts/plonky2-7767d84a5a370f2d/56e1b98/plonky2/src/iop/witness.rs","byte_start":5930,"byte_end":5971,"line_start":182,"line_end":182,"column_start":5,"column_end":46,"is_primary":true,"text":[{"text":"    fn get_target(&self, target: Target) -> F {","highlight_start":5,"highlight_end":46}],"label":null,"suggested_replacement":null,"suggestion_applicability":null,"expansion":null}],"children":[],"rendered":null},{"message":"trait `WitnessWrite` which provides `set_target` is implemented but not in scope; perhaps you want to import it","code":null,"level":"help","spans":[{"file_name":"src/circuit.rs","byte_start":0,"byte_end":0,"line_start":1,"line_end":1,"column_start":1,"column_end":1,"is_primary":true,"text":[{"text":"use plonky2::hash::hash_types::{HashOutTarget, MerkleCapTarget};","highlight_start":1,"highlight_end":1}],"label":null,"suggested_replacement":"use plonky2::iop::witness::WitnessWrite;\n","suggestion_applicability":"MaybeIncorrect","expansion":null}],"children":[],"rendered":null}],"rendered":"\u001b[0m\u001b[1m\u001b[38;5;9merror[E0599]\u001b[0m\u001b[0m\u001b[1m: no method named `set_target` found for mutable reference `&mut PartialWitness<GoldilocksField>` in the current scope\u001b[0m\n\u001b[0m   \u001b[0m\u001b[0m\u001b[1m\u001b[38;5;12m--> \u001b[0m\u001b[0msrc/circuit.rs:85:12\u001b[0m\n\u001b[0m    \u001b[0m\u001b[0m\u001b[1m\u001b[38;5;12m|\u001b[0m\n\u001b[0m\u001b[1m\u001b[38;5;12m85\u001b[0m\u001b[0m  \u001b[0m\u001b[0m\u001b[1m\u001b[38;5;12m|\u001b[0m\u001b[0m \u001b[0m\u001b[0m        pw.set_target(\u001b[0m\n\u001b[0m    \u001b[0m\u001b[0m\u001b[1m\u001b[38;5;12m| \u001b[0m\u001b[0m        \u001b[0m\u001b[0m\u001b[1m\u001b[38;5;12m---\u001b[0m\u001b[0m\u001b[1m\u001b[38;5;9m^^^^^^^^^^\u001b[0m\n\u001b[0m    \u001b[0m\u001b[0m\u001b[1m\u001b[38;5;12m|\u001b[0m\n\u001b[0m    \u001b[0m\u001b[0m\u001b[1m\u001b[38;5;12m= \u001b[0m\u001b[0m\u001b[1mhelp\u001b[0m\u001b[0m: items from traits can only be used if the trait is in scope\u001b[0m\n\u001b[0m\u001b[1m\u001b[38;5;14mhelp\u001b[0m\u001b[0m: there is a method `get_target` with a similar name, but with different arguments\u001b[0m\n\u001b[0m   \u001b[0m\u001b[0m\u001b[1m\u001b[38;5;12m--> \u001b[0m\u001b[0m/home/shuang/.cargo/git/checkouts/plonky2-7767d84a5a370f2d/56e1b98/plonky2/src/iop/witness.rs:182:5\u001b[0m\n\u001b[0m    \u001b[0m\u001b[0m\u001b[1m\u001b[38;5;12m|\u001b[0m\n\u001b[0m\u001b[1m\u001b[38;5;12m182\u001b[0m\u001b[0m \u001b[0m\u001b[0m\u001b[1m\u001b[38;5;12m|\u001b[0m\u001b[0m \u001b[0m\u001b[0m    fn get_target(&self, target: Target) -> F {\u001b[0m\n\u001b[0m    \u001b[0m\u001b[0m\u001b[1m\u001b[38;5;12m| \u001b[0m\u001b[0m    \u001b[0m\u001b[0m\u001b[1m\u001b[38;5;14m^^^^^^^^^^^^^^^^^^^^^^^^^^^^^^^^^^^^^^^^^\u001b[0m\n\u001b[0m\u001b[1m\u001b[38;5;14mhelp\u001b[0m\u001b[0m: trait `WitnessWrite` which provides `set_target` is implemented but not in scope; perhaps you want to import it\u001b[0m\n\u001b[0m    \u001b[0m\u001b[0m\u001b[1m\u001b[38;5;12m|\u001b[0m\n\u001b[0m\u001b[1m\u001b[38;5;12m1\u001b[0m\u001b[0m   \u001b[0m\u001b[0m\u001b[38;5;10m+ use plonky2::iop::witness::WitnessWrite;\u001b[0m\n\u001b[0m    \u001b[0m\u001b[0m\u001b[1m\u001b[38;5;12m|\u001b[0m\n\n"}
{"$message_type":"diagnostic","message":"no function or associated item named `from_canonical_usize` found for struct `GoldilocksField` in the current scope","code":{"code":"E0599","explanation":"This error occurs when a method is used on a type which doesn't implement it:\n\nErroneous code example:\n\n```compile_fail,E0599\nstruct Mouth;\n\nlet x = Mouth;\nx.chocolate(); // error: no method named `chocolate` found for type `Mouth`\n               //        in the current scope\n```\n\nIn this case, you need to implement the `chocolate` method to fix the error:\n\n```\nstruct Mouth;\n\nimpl Mouth {\n    fn chocolate(&self) { // We implement the `chocolate` method here.\n        println!(\"Hmmm! I love chocolate!\");\n    }\n}\n\nlet x = Mouth;\nx.chocolate(); // ok!\n```\n"},"level":"error","spans":[{"file_name":"src/circuit.rs","byte_start":3019,"byte_end":3039,"line_start":87,"line_end":87,"column_start":16,"column_end":36,"is_primary":true,"text":[{"text":"            F::from_canonical_usize(public_key_index),","highlight_start":16,"highlight_end":36}],"label":"function or associated item not found in `GoldilocksField`","suggested_replacement":null,"suggestion_applicability":null,"expansion":null}],"children":[{"message":"items from traits can only be used if the trait is in scope","code":null,"level":"help","spans":[],"children":[],"rendered":null},{"message":"trait `Field` which provides `from_canonical_usize` is implemented but not in scope; perhaps you want to import it","code":null,"level":"help","spans":[{"file_name":"src/circuit.rs","byte_start":0,"byte_end":0,"line_start":1,"line_end":1,"column_start":1,"column_end":1,"is_primary":true,"text":[{"text":"use plonky2::hash::hash_types::{HashOutTarget, MerkleCapTarget};","highlight_start":1,"highlight_end":1}],"label":null,"suggested_replacement":"use plonky2::plonky2_field::types::Field;\n","suggestion_applicability":"MaybeIncorrect","expansion":null}],"children":[],"rendered":null},{"message":"there is an associated function `from_canonical_i64` with a similar name","code":null,"level":"help","spans":[{"file_name":"src/circuit.rs","byte_start":3019,"byte_end":3039,"line_start":87,"line_end":87,"column_start":16,"column_end":36,"is_primary":true,"text":[{"text":"            F::from_canonical_usize(public_key_index),","highlight_start":16,"highlight_end":36}],"label":null,"suggested_replacement":"from_canonical_i64","suggestion_applicability":"MaybeIncorrect","expansion":null}],"children":[],"rendered":null}],"rendered":"\u001b[0m\u001b[1m\u001b[38;5;9merror[E0599]\u001b[0m\u001b[0m\u001b[1m: no function or associated item named `from_canonical_usize` found for struct `GoldilocksField` in the current scope\u001b[0m\n\u001b[0m  \u001b[0m\u001b[0m\u001b[1m\u001b[38;5;12m--> \u001b[0m\u001b[0msrc/circuit.rs:87:16\u001b[0m\n\u001b[0m   \u001b[0m\u001b[0m\u001b[1m\u001b[38;5;12m|\u001b[0m\n\u001b[0m\u001b[1m\u001b[38;5;12m87\u001b[0m\u001b[0m \u001b[0m\u001b[0m\u001b[1m\u001b[38;5;12m|\u001b[0m\u001b[0m \u001b[0m\u001b[0m            F::from_canonical_usize(public_key_index),\u001b[0m\n\u001b[0m   \u001b[0m\u001b[0m\u001b[1m\u001b[38;5;12m| \u001b[0m\u001b[0m               \u001b[0m\u001b[0m\u001b[1m\u001b[38;5;9m^^^^^^^^^^^^^^^^^^^^\u001b[0m\u001b[0m \u001b[0m\u001b[0m\u001b[1m\u001b[38;5;9mfunction or associated item not found in `GoldilocksField`\u001b[0m\n\u001b[0m   \u001b[0m\u001b[0m\u001b[1m\u001b[38;5;12m|\u001b[0m\n\u001b[0m   \u001b[0m\u001b[0m\u001b[1m\u001b[38;5;12m= \u001b[0m\u001b[0m\u001b[1mhelp\u001b[0m\u001b[0m: items from traits can only be used if the trait is in scope\u001b[0m\n\u001b[0m\u001b[1m\u001b[38;5;14mhelp\u001b[0m\u001b[0m: trait `Field` which provides `from_canonical_usize` is implemented but not in scope; perhaps you want to import it\u001b[0m\n\u001b[0m   \u001b[0m\u001b[0m\u001b[1m\u001b[38;5;12m|\u001b[0m\n\u001b[0m\u001b[1m\u001b[38;5;12m1\u001b[0m\u001b[0m  \u001b[0m\u001b[0m\u001b[38;5;10m+ use plonky2::plonky2_field::types::Field;\u001b[0m\n\u001b[0m   \u001b[0m\u001b[0m\u001b[1m\u001b[38;5;12m|\u001b[0m\n\u001b[0m\u001b[1m\u001b[38;5;14mhelp\u001b[0m\u001b[0m: there is an associated function `from_canonical_i64` with a similar name\u001b[0m\n\u001b[0m   \u001b[0m\u001b[0m\u001b[1m\u001b[38;5;12m|\u001b[0m\n\u001b[0m\u001b[1m\u001b[38;5;12m87\u001b[0m\u001b[0m \u001b[0m\u001b[0m\u001b[1m\u001b[38;5;12m| \u001b[0m\u001b[0m            F::\u001b[0m\u001b[0m\u001b[38;5;10mfrom_canonical_i64\u001b[0m\u001b[0m(public_key_index),\u001b[0m\n\u001b[0m   \u001b[0m\u001b[0m\u001b[1m\u001b[38;5;12m|\u001b[0m\u001b[0m                \u001b[0m\u001b[0m\u001b[38;5;10m~~~~~~~~~~~~~~~~~~\u001b[0m\n\n"}
{"$message_type":"diagnostic","message":"no method named `set_hash_target` found for mutable reference `&mut PartialWitness<GoldilocksField>` in the current scope","code":{"code":"E0599","explanation":"This error occurs when a method is used on a type which doesn't implement it:\n\nErroneous code example:\n\n```compile_fail,E0599\nstruct Mouth;\n\nlet x = Mouth;\nx.chocolate(); // error: no method named `chocolate` found for type `Mouth`\n               //        in the current scope\n```\n\nIn this case, you need to implement the `chocolate` method to fix the error:\n\n```\nstruct Mouth;\n\nimpl Mouth {\n    fn chocolate(&self) { // We implement the `chocolate` method here.\n        println!(\"Hmmm! I love chocolate!\");\n    }\n}\n\nlet x = Mouth;\nx.chocolate(); // ok!\n```\n"},"level":"error","spans":[{"file_name":"src/circuit.rs","byte_start":3285,"byte_end":3300,"line_start":96,"line_end":96,"column_start":16,"column_end":31,"is_primary":true,"text":[{"text":"            pw.set_hash_target(ht, h);","highlight_start":16,"highlight_end":31}],"label":null,"suggested_replacement":null,"suggestion_applicability":null,"expansion":null}],"children":[{"message":"items from traits can only be used if the trait is in scope","code":null,"level":"help","spans":[],"children":[],"rendered":null},{"message":"there is a method `get_hash_target` with a similar name, but with different arguments","code":null,"level":"help","spans":[{"file_name":"/home/shuang/.cargo/git/checkouts/plonky2-7767d84a5a370f2d/56e1b98/plonky2/src/iop/witness.rs","byte_start":6970,"byte_end":7028,"line_start":219,"line_end":219,"column_start":5,"column_end":63,"is_primary":true,"text":[{"text":"    fn get_hash_target(&self, ht: HashOutTarget) -> HashOut<F> {","highlight_start":5,"highlight_end":63}],"label":null,"suggested_replacement":null,"suggestion_applicability":null,"expansion":null}],"children":[],"rendered":null},{"message":"trait `WitnessWrite` which provides `set_hash_target` is implemented but not in scope; perhaps you want to import it","code":null,"level":"help","spans":[{"file_name":"src/circuit.rs","byte_start":0,"byte_end":0,"line_start":1,"line_end":1,"column_start":1,"column_end":1,"is_primary":true,"text":[{"text":"use plonky2::hash::hash_types::{HashOutTarget, MerkleCapTarget};","highlight_start":1,"highlight_end":1}],"label":null,"suggested_replacement":"use plonky2::iop::witness::WitnessWrite;\n","suggestion_applicability":"MaybeIncorrect","expansion":null}],"children":[],"rendered":null}],"rendered":"\u001b[0m\u001b[1m\u001b[38;5;9merror[E0599]\u001b[0m\u001b[0m\u001b[1m: no method named `set_hash_target` found for mutable reference `&mut PartialWitness<GoldilocksField>` in the current scope\u001b[0m\n\u001b[0m   \u001b[0m\u001b[0m\u001b[1m\u001b[38;5;12m--> \u001b[0m\u001b[0msrc/circuit.rs:96:16\u001b[0m\n\u001b[0m    \u001b[0m\u001b[0m\u001b[1m\u001b[38;5;12m|\u001b[0m\n\u001b[0m\u001b[1m\u001b[38;5;12m96\u001b[0m\u001b[0m  \u001b[0m\u001b[0m\u001b[1m\u001b[38;5;12m|\u001b[0m\u001b[0m \u001b[0m\u001b[0m            pw.set_hash_target(ht, h);\u001b[0m\n\u001b[0m    \u001b[0m\u001b[0m\u001b[1m\u001b[38;5;12m| \u001b[0m\u001b[0m               \u001b[0m\u001b[0m\u001b[1m\u001b[38;5;9m^^^^^^^^^^^^^^^\u001b[0m\n\u001b[0m    \u001b[0m\u001b[0m\u001b[1m\u001b[38;5;12m|\u001b[0m\n\u001b[0m    \u001b[0m\u001b[0m\u001b[1m\u001b[38;5;12m= \u001b[0m\u001b[0m\u001b[1mhelp\u001b[0m\u001b[0m: items from traits can only be used if the trait is in scope\u001b[0m\n\u001b[0m\u001b[1m\u001b[38;5;14mhelp\u001b[0m\u001b[0m: there is a method `get_hash_target` with a similar name, but with different arguments\u001b[0m\n\u001b[0m   \u001b[0m\u001b[0m\u001b[1m\u001b[38;5;12m--> \u001b[0m\u001b[0m/home/shuang/.cargo/git/checkouts/plonky2-7767d84a5a370f2d/56e1b98/plonky2/src/iop/witness.rs:219:5\u001b[0m\n\u001b[0m    \u001b[0m\u001b[0m\u001b[1m\u001b[38;5;12m|\u001b[0m\n\u001b[0m\u001b[1m\u001b[38;5;12m219\u001b[0m\u001b[0m \u001b[0m\u001b[0m\u001b[1m\u001b[38;5;12m|\u001b[0m\u001b[0m \u001b[0m\u001b[0m    fn get_hash_target(&self, ht: HashOutTarget) -> HashOut<F> {\u001b[0m\n\u001b[0m    \u001b[0m\u001b[0m\u001b[1m\u001b[38;5;12m| \u001b[0m\u001b[0m    \u001b[0m\u001b[0m\u001b[1m\u001b[38;5;14m^^^^^^^^^^^^^^^^^^^^^^^^^^^^^^^^^^^^^^^^^^^^^^^^^^^^^^^^^^\u001b[0m\n\u001b[0m\u001b[1m\u001b[38;5;14mhelp\u001b[0m\u001b[0m: trait `WitnessWrite` which provides `set_hash_target` is implemented but not in scope; perhaps you want to import it\u001b[0m\n\u001b[0m    \u001b[0m\u001b[0m\u001b[1m\u001b[38;5;12m|\u001b[0m\n\u001b[0m\u001b[1m\u001b[38;5;12m1\u001b[0m\u001b[0m   \u001b[0m\u001b[0m\u001b[38;5;10m+ use plonky2::iop::witness::WitnessWrite;\u001b[0m\n\u001b[0m    \u001b[0m\u001b[0m\u001b[1m\u001b[38;5;12m|\u001b[0m\n\n"}
{"$message_type":"diagnostic","message":"no method named `set_proof_with_pis_target` found for struct `PartialWitness` in the current scope","code":{"code":"E0599","explanation":"This error occurs when a method is used on a type which doesn't implement it:\n\nErroneous code example:\n\n```compile_fail,E0599\nstruct Mouth;\n\nlet x = Mouth;\nx.chocolate(); // error: no method named `chocolate` found for type `Mouth`\n               //        in the current scope\n```\n\nIn this case, you need to implement the `chocolate` method to fix the error:\n\n```\nstruct Mouth;\n\nimpl Mouth {\n    fn chocolate(&self) { // We implement the `chocolate` method here.\n        println!(\"Hmmm! I love chocolate!\");\n    }\n}\n\nlet x = Mouth;\nx.chocolate(); // ok!\n```\n"},"level":"error","spans":[{"file_name":"src/recursion.rs","byte_start":1335,"byte_end":1338,"line_start":42,"line_end":42,"column_start":9,"column_end":12,"is_primary":false,"text":[{"text":"        pw.set_proof_with_pis_target(","highlight_start":9,"highlight_end":12}],"label":"","suggested_replacement":null,"suggestion_applicability":null,"expansion":null},{"file_name":"/home/shuang/.cargo/git/checkouts/plonky2-7767d84a5a370f2d/56e1b98/plonky2/src/iop/witness.rs","byte_start":2416,"byte_end":2441,"line_start":72,"line_end":72,"column_start":8,"column_end":33,"is_primary":false,"text":[{"text":"    fn set_proof_with_pis_target<C: GenericConfig<D, F = F>, const D: usize>(","highlight_start":8,"highlight_end":33}],"label":"the method is available for `PartialWitness<_>` here","suggested_replacement":null,"suggestion_applicability":null,"expansion":null},{"file_name":"src/recursion.rs","byte_start":1338,"byte_end":1363,"line_start":42,"line_end":42,"column_start":12,"column_end":37,"is_primary":true,"text":[{"text":"        pw.set_proof_with_pis_target(","highlight_start":12,"highlight_end":37}],"label":null,"suggested_replacement":null,"suggestion_applicability":null,"expansion":null}],"children":[{"message":"items from traits can only be used if the trait is in scope","code":null,"level":"help","spans":[],"children":[],"rendered":null},{"message":"trait `WitnessWrite` which provides `set_proof_with_pis_target` is implemented but not in scope; perhaps you want to import it","code":null,"level":"help","spans":[{"file_name":"src/recursion.rs","byte_start":0,"byte_end":0,"line_start":1,"line_end":1,"column_start":1,"column_end":1,"is_primary":true,"text":[{"text":"use plonky2::iop::witness::{PartialWitness, Witness};","highlight_start":1,"highlight_end":1}],"label":null,"suggested_replacement":"use plonky2::iop::witness::WitnessWrite;\n","suggestion_applicability":"MaybeIncorrect","expansion":null}],"children":[],"rendered":null},{"message":"there is a method `set_proof_target` with a similar name","code":null,"level":"help","spans":[{"file_name":"src/recursion.rs","byte_start":1338,"byte_end":1363,"line_start":42,"line_end":42,"column_start":12,"column_end":37,"is_primary":true,"text":[{"text":"        pw.set_proof_with_pis_target(","highlight_start":12,"highlight_end":37}],"label":null,"suggested_replacement":"set_proof_target","suggestion_applicability":"MaybeIncorrect","expansion":null}],"children":[],"rendered":null}],"rendered":"\u001b[0m\u001b[1m\u001b[38;5;9merror[E0599]\u001b[0m\u001b[0m\u001b[1m: no method named `set_proof_with_pis_target` found for struct `PartialWitness` in the current scope\u001b[0m\n\u001b[0m  \u001b[0m\u001b[0m\u001b[1m\u001b[38;5;12m--> \u001b[0m\u001b[0msrc/recursion.rs:42:12\u001b[0m\n\u001b[0m   \u001b[0m\u001b[0m\u001b[1m\u001b[38;5;12m|\u001b[0m\n\u001b[0m\u001b[1m\u001b[38;5;12m42\u001b[0m\u001b[0m \u001b[0m\u001b[0m\u001b[1m\u001b[38;5;12m|\u001b[0m\u001b[0m \u001b[0m\u001b[0m        pw.set_proof_with_pis_target(\u001b[0m\n\u001b[0m   \u001b[0m\u001b[0m\u001b[1m\u001b[38;5;12m| \u001b[0m\u001b[0m        \u001b[0m\u001b[0m\u001b[1m\u001b[38;5;12m---\u001b[0m\u001b[0m\u001b[1m\u001b[38;5;9m^^^^^^^^^^^^^^^^^^^^^^^^^\u001b[0m\n\u001b[0m   \u001b[0m\u001b[0m\u001b[1m\u001b[38;5;12m|\u001b[0m\n\u001b[0m  \u001b[0m\u001b[0m\u001b[1m\u001b[38;5;12m::: \u001b[0m\u001b[0m/home/shuang/.cargo/git/checkouts/plonky2-7767d84a5a370f2d/56e1b98/plonky2/src/iop/witness.rs:72:8\u001b[0m\n\u001b[0m   \u001b[0m\u001b[0m\u001b[1m\u001b[38;5;12m|\u001b[0m\n\u001b[0m\u001b[1m\u001b[38;5;12m72\u001b[0m\u001b[0m \u001b[0m\u001b[0m\u001b[1m\u001b[38;5;12m|\u001b[0m\u001b[0m \u001b[0m\u001b[0m    fn set_proof_with_pis_target<C: GenericConfig<D, F = F>, const D: usize>(\u001b[0m\n\u001b[0m   \u001b[0m\u001b[0m\u001b[1m\u001b[38;5;12m| \u001b[0m\u001b[0m       \u001b[0m\u001b[0m\u001b[1m\u001b[38;5;12m-------------------------\u001b[0m\u001b[0m \u001b[0m\u001b[0m\u001b[1m\u001b[38;5;12mthe method is available for `PartialWitness<_>` here\u001b[0m\n\u001b[0m   \u001b[0m\u001b[0m\u001b[1m\u001b[38;5;12m|\u001b[0m\n\u001b[0m   \u001b[0m\u001b[0m\u001b[1m\u001b[38;5;12m= \u001b[0m\u001b[0m\u001b[1mhelp\u001b[0m\u001b[0m: items from traits can only be used if the trait is in scope\u001b[0m\n\u001b[0m\u001b[1m\u001b[38;5;14mhelp\u001b[0m\u001b[0m: trait `WitnessWrite` which provides `set_proof_with_pis_target` is implemented but not in scope; perhaps you want to import it\u001b[0m\n\u001b[0m   \u001b[0m\u001b[0m\u001b[1m\u001b[38;5;12m|\u001b[0m\n\u001b[0m\u001b[1m\u001b[38;5;12m1\u001b[0m\u001b[0m  \u001b[0m\u001b[0m\u001b[38;5;10m+ use plonky2::iop::witness::WitnessWrite;\u001b[0m\n\u001b[0m   \u001b[0m\u001b[0m\u001b[1m\u001b[38;5;12m|\u001b[0m\n\u001b[0m\u001b[1m\u001b[38;5;14mhelp\u001b[0m\u001b[0m: there is a method `set_proof_target` with a similar name\u001b[0m\n\u001b[0m   \u001b[0m\u001b[0m\u001b[1m\u001b[38;5;12m|\u001b[0m\n\u001b[0m\u001b[1m\u001b[38;5;12m42\u001b[0m\u001b[0m \u001b[0m\u001b[0m\u001b[1m\u001b[38;5;12m| \u001b[0m\u001b[0m        pw.\u001b[0m\u001b[0m\u001b[38;5;10mset_proof_target\u001b[0m\u001b[0m(\u001b[0m\n\u001b[0m   \u001b[0m\u001b[0m\u001b[1m\u001b[38;5;12m|\u001b[0m\u001b[0m            \u001b[0m\u001b[0m\u001b[38;5;10m~~~~~~~~~~~~~~~~\u001b[0m\n\n"}
{"$message_type":"diagnostic","message":"no method named `set_proof_with_pis_target` found for struct `PartialWitness` in the current scope","code":{"code":"E0599","explanation":"This error occurs when a method is used on a type which doesn't implement it:\n\nErroneous code example:\n\n```compile_fail,E0599\nstruct Mouth;\n\nlet x = Mouth;\nx.chocolate(); // error: no method named `chocolate` found for type `Mouth`\n               //        in the current scope\n```\n\nIn this case, you need to implement the `chocolate` method to fix the error:\n\n```\nstruct Mouth;\n\nimpl Mouth {\n    fn chocolate(&self) { // We implement the `chocolate` method here.\n        println!(\"Hmmm! I love chocolate!\");\n    }\n}\n\nlet x = Mouth;\nx.chocolate(); // ok!\n```\n"},"level":"error","spans":[{"file_name":"src/recursion.rs","byte_start":1636,"byte_end":1639,"line_start":50,"line_end":50,"column_start":9,"column_end":12,"is_primary":false,"text":[{"text":"        pw.set_proof_with_pis_target(","highlight_start":9,"highlight_end":12}],"label":"","suggested_replacement":null,"suggestion_applicability":null,"expansion":null},{"file_name":"/home/shuang/.cargo/git/checkouts/plonky2-7767d84a5a370f2d/56e1b98/plonky2/src/iop/witness.rs","byte_start":2416,"byte_end":2441,"line_start":72,"line_end":72,"column_start":8,"column_end":33,"is_primary":false,"text":[{"text":"    fn set_proof_with_pis_target<C: GenericConfig<D, F = F>, const D: usize>(","highlight_start":8,"highlight_end":33}],"label":"the method is available for `PartialWitness<_>` here","suggested_replacement":null,"suggestion_applicability":null,"expansion":null},{"file_name":"src/recursion.rs","byte_start":1639,"byte_end":1664,"line_start":50,"line_end":50,"column_start":12,"column_end":37,"is_primary":true,"text":[{"text":"        pw.set_proof_with_pis_target(","highlight_start":12,"highlight_end":37}],"label":null,"suggested_replacement":null,"suggestion_applicability":null,"expansion":null}],"children":[{"message":"items from traits can only be used if the trait is in scope","code":null,"level":"help","spans":[],"children":[],"rendered":null},{"message":"trait `WitnessWrite` which provides `set_proof_with_pis_target` is implemented but not in scope; perhaps you want to import it","code":null,"level":"help","spans":[{"file_name":"src/recursion.rs","byte_start":0,"byte_end":0,"line_start":1,"line_end":1,"column_start":1,"column_end":1,"is_primary":true,"text":[{"text":"use plonky2::iop::witness::{PartialWitness, Witness};","highlight_start":1,"highlight_end":1}],"label":null,"suggested_replacement":"use plonky2::iop::witness::WitnessWrite;\n","suggestion_applicability":"MaybeIncorrect","expansion":null}],"children":[],"rendered":null},{"message":"there is a method `set_proof_target` with a similar name","code":null,"level":"help","spans":[{"file_name":"src/recursion.rs","byte_start":1639,"byte_end":1664,"line_start":50,"line_end":50,"column_start":12,"column_end":37,"is_primary":true,"text":[{"text":"        pw.set_proof_with_pis_target(","highlight_start":12,"highlight_end":37}],"label":null,"suggested_replacement":"set_proof_target","suggestion_applicability":"MaybeIncorrect","expansion":null}],"children":[],"rendered":null}],"rendered":"\u001b[0m\u001b[1m\u001b[38;5;9merror[E0599]\u001b[0m\u001b[0m\u001b[1m: no method named `set_proof_with_pis_target` found for struct `PartialWitness` in the current scope\u001b[0m\n\u001b[0m  \u001b[0m\u001b[0m\u001b[1m\u001b[38;5;12m--> \u001b[0m\u001b[0msrc/recursion.rs:50:12\u001b[0m\n\u001b[0m   \u001b[0m\u001b[0m\u001b[1m\u001b[38;5;12m|\u001b[0m\n\u001b[0m\u001b[1m\u001b[38;5;12m50\u001b[0m\u001b[0m \u001b[0m\u001b[0m\u001b[1m\u001b[38;5;12m|\u001b[0m\u001b[0m \u001b[0m\u001b[0m        pw.set_proof_with_pis_target(\u001b[0m\n\u001b[0m   \u001b[0m\u001b[0m\u001b[1m\u001b[38;5;12m| \u001b[0m\u001b[0m        \u001b[0m\u001b[0m\u001b[1m\u001b[38;5;12m---\u001b[0m\u001b[0m\u001b[1m\u001b[38;5;9m^^^^^^^^^^^^^^^^^^^^^^^^^\u001b[0m\n\u001b[0m   \u001b[0m\u001b[0m\u001b[1m\u001b[38;5;12m|\u001b[0m\n\u001b[0m  \u001b[0m\u001b[0m\u001b[1m\u001b[38;5;12m::: \u001b[0m\u001b[0m/home/shuang/.cargo/git/checkouts/plonky2-7767d84a5a370f2d/56e1b98/plonky2/src/iop/witness.rs:72:8\u001b[0m\n\u001b[0m   \u001b[0m\u001b[0m\u001b[1m\u001b[38;5;12m|\u001b[0m\n\u001b[0m\u001b[1m\u001b[38;5;12m72\u001b[0m\u001b[0m \u001b[0m\u001b[0m\u001b[1m\u001b[38;5;12m|\u001b[0m\u001b[0m \u001b[0m\u001b[0m    fn set_proof_with_pis_target<C: GenericConfig<D, F = F>, const D: usize>(\u001b[0m\n\u001b[0m   \u001b[0m\u001b[0m\u001b[1m\u001b[38;5;12m| \u001b[0m\u001b[0m       \u001b[0m\u001b[0m\u001b[1m\u001b[38;5;12m-------------------------\u001b[0m\u001b[0m \u001b[0m\u001b[0m\u001b[1m\u001b[38;5;12mthe method is available for `PartialWitness<_>` here\u001b[0m\n\u001b[0m   \u001b[0m\u001b[0m\u001b[1m\u001b[38;5;12m|\u001b[0m\n\u001b[0m   \u001b[0m\u001b[0m\u001b[1m\u001b[38;5;12m= \u001b[0m\u001b[0m\u001b[1mhelp\u001b[0m\u001b[0m: items from traits can only be used if the trait is in scope\u001b[0m\n\u001b[0m\u001b[1m\u001b[38;5;14mhelp\u001b[0m\u001b[0m: trait `WitnessWrite` which provides `set_proof_with_pis_target` is implemented but not in scope; perhaps you want to import it\u001b[0m\n\u001b[0m   \u001b[0m\u001b[0m\u001b[1m\u001b[38;5;12m|\u001b[0m\n\u001b[0m\u001b[1m\u001b[38;5;12m1\u001b[0m\u001b[0m  \u001b[0m\u001b[0m\u001b[38;5;10m+ use plonky2::iop::witness::WitnessWrite;\u001b[0m\n\u001b[0m   \u001b[0m\u001b[0m\u001b[1m\u001b[38;5;12m|\u001b[0m\n\u001b[0m\u001b[1m\u001b[38;5;14mhelp\u001b[0m\u001b[0m: there is a method `set_proof_target` with a similar name\u001b[0m\n\u001b[0m   \u001b[0m\u001b[0m\u001b[1m\u001b[38;5;12m|\u001b[0m\n\u001b[0m\u001b[1m\u001b[38;5;12m50\u001b[0m\u001b[0m \u001b[0m\u001b[0m\u001b[1m\u001b[38;5;12m| \u001b[0m\u001b[0m        pw.\u001b[0m\u001b[0m\u001b[38;5;10mset_proof_target\u001b[0m\u001b[0m(\u001b[0m\n\u001b[0m   \u001b[0m\u001b[0m\u001b[1m\u001b[38;5;12m|\u001b[0m\u001b[0m            \u001b[0m\u001b[0m\u001b[38;5;10m~~~~~~~~~~~~~~~~\u001b[0m\n\n"}
{"$message_type":"diagnostic","message":"missing field `circuit_digest` in initializer of `VerifierCircuitTarget`","code":{"code":"E0063","explanation":"A struct's or struct-like enum variant's field was not provided.\n\nErroneous code example:\n\n```compile_fail,E0063\nstruct Foo {\n    x: i32,\n    y: i32,\n}\n\nfn main() {\n    let x = Foo { x: 0 }; // error: missing field: `y`\n}\n```\n\nEach field should be specified exactly once. Example:\n\n```\nstruct Foo {\n    x: i32,\n    y: i32,\n}\n\nfn main() {\n    let x = Foo { x: 0, y: 0 }; // ok!\n}\n```\n"},"level":"error","spans":[{"file_name":"src/recursion.rs","byte_start":1867,"byte_end":1888,"line_start":58,"line_end":58,"column_start":25,"column_end":46,"is_primary":true,"text":[{"text":"        let vd_target = VerifierCircuitTarget {","highlight_start":25,"highlight_end":46}],"label":"missing `circuit_digest`","suggested_replacement":null,"suggestion_applicability":null,"expansion":null}],"children":[],"rendered":"\u001b[0m\u001b[1m\u001b[38;5;9merror[E0063]\u001b[0m\u001b[0m\u001b[1m: missing field `circuit_digest` in initializer of `VerifierCircuitTarget`\u001b[0m\n\u001b[0m  \u001b[0m\u001b[0m\u001b[1m\u001b[38;5;12m--> \u001b[0m\u001b[0msrc/recursion.rs:58:25\u001b[0m\n\u001b[0m   \u001b[0m\u001b[0m\u001b[1m\u001b[38;5;12m|\u001b[0m\n\u001b[0m\u001b[1m\u001b[38;5;12m58\u001b[0m\u001b[0m \u001b[0m\u001b[0m\u001b[1m\u001b[38;5;12m|\u001b[0m\u001b[0m \u001b[0m\u001b[0m        let vd_target = VerifierCircuitTarget {\u001b[0m\n\u001b[0m   \u001b[0m\u001b[0m\u001b[1m\u001b[38;5;12m| \u001b[0m\u001b[0m                        \u001b[0m\u001b[0m\u001b[1m\u001b[38;5;9m^^^^^^^^^^^^^^^^^^^^^\u001b[0m\u001b[0m \u001b[0m\u001b[0m\u001b[1m\u001b[38;5;9mmissing `circuit_digest`\u001b[0m\n\n"}
{"$message_type":"diagnostic","message":"no method named `set_cap_target` found for struct `PartialWitness` in the current scope","code":{"code":"E0599","explanation":"This error occurs when a method is used on a type which doesn't implement it:\n\nErroneous code example:\n\n```compile_fail,E0599\nstruct Mouth;\n\nlet x = Mouth;\nx.chocolate(); // error: no method named `chocolate` found for type `Mouth`\n               //        in the current scope\n```\n\nIn this case, you need to implement the `chocolate` method to fix the error:\n\n```\nstruct Mouth;\n\nimpl Mouth {\n    fn chocolate(&self) { // We implement the `chocolate` method here.\n        println!(\"Hmmm! I love chocolate!\");\n    }\n}\n\nlet x = Mouth;\nx.chocolate(); // ok!\n```\n"},"level":"error","spans":[{"file_name":"src/recursion.rs","byte_start":2037,"byte_end":2040,"line_start":62,"line_end":62,"column_start":9,"column_end":12,"is_primary":false,"text":[{"text":"        pw.set_cap_target(","highlight_start":9,"highlight_end":12}],"label":"","suggested_replacement":null,"suggestion_applicability":null,"expansion":null},{"file_name":"/home/shuang/.cargo/git/checkouts/plonky2-7767d84a5a370f2d/56e1b98/plonky2/src/iop/witness.rs","byte_start":1117,"byte_end":1131,"line_start":30,"line_end":30,"column_start":8,"column_end":22,"is_primary":false,"text":[{"text":"    fn set_cap_target<H: AlgebraicHasher<F>>(","highlight_start":8,"highlight_end":22}],"label":"the method is available for `PartialWitness<_>` here","suggested_replacement":null,"suggestion_applicability":null,"expansion":null},{"file_name":"src/recursion.rs","byte_start":2040,"byte_end":2054,"line_start":62,"line_end":62,"column_start":12,"column_end":26,"is_primary":true,"text":[{"text":"        pw.set_cap_target(","highlight_start":12,"highlight_end":26}],"label":null,"suggested_replacement":null,"suggestion_applicability":null,"expansion":null}],"children":[{"message":"items from traits can only be used if the trait is in scope","code":null,"level":"help","spans":[],"children":[],"rendered":null},{"message":"trait `WitnessWrite` which provides `set_cap_target` is implemented but not in scope; perhaps you want to import it","code":null,"level":"help","spans":[{"file_name":"src/recursion.rs","byte_start":0,"byte_end":0,"line_start":1,"line_end":1,"column_start":1,"column_end":1,"is_primary":true,"text":[{"text":"use plonky2::iop::witness::{PartialWitness, Witness};","highlight_start":1,"highlight_end":1}],"label":null,"suggested_replacement":"use plonky2::iop::witness::WitnessWrite;\n","suggestion_applicability":"MaybeIncorrect","expansion":null}],"children":[],"rendered":null},{"message":"there is a method `set_target` with a similar name","code":null,"level":"help","spans":[{"file_name":"src/recursion.rs","byte_start":2040,"byte_end":2054,"line_start":62,"line_end":62,"column_start":12,"column_end":26,"is_primary":true,"text":[{"text":"        pw.set_cap_target(","highlight_start":12,"highlight_end":26}],"label":null,"suggested_replacement":"set_target","suggestion_applicability":"MaybeIncorrect","expansion":null}],"children":[],"rendered":null}],"rendered":"\u001b[0m\u001b[1m\u001b[38;5;9merror[E0599]\u001b[0m\u001b[0m\u001b[1m: no method named `set_cap_target` found for struct `PartialWitness` in the current scope\u001b[0m\n\u001b[0m  \u001b[0m\u001b[0m\u001b[1m\u001b[38;5;12m--> \u001b[0m\u001b[0msrc/recursion.rs:62:12\u001b[0m\n\u001b[0m   \u001b[0m\u001b[0m\u001b[1m\u001b[38;5;12m|\u001b[0m\n\u001b[0m\u001b[1m\u001b[38;5;12m62\u001b[0m\u001b[0m \u001b[0m\u001b[0m\u001b[1m\u001b[38;5;12m|\u001b[0m\u001b[0m \u001b[0m\u001b[0m        pw.set_cap_target(\u001b[0m\n\u001b[0m   \u001b[0m\u001b[0m\u001b[1m\u001b[38;5;12m| \u001b[0m\u001b[0m        \u001b[0m\u001b[0m\u001b[1m\u001b[38;5;12m---\u001b[0m\u001b[0m\u001b[1m\u001b[38;5;9m^^^^^^^^^^^^^^\u001b[0m\n\u001b[0m   \u001b[0m\u001b[0m\u001b[1m\u001b[38;5;12m|\u001b[0m\n\u001b[0m  \u001b[0m\u001b[0m\u001b[1m\u001b[38;5;12m::: \u001b[0m\u001b[0m/home/shuang/.cargo/git/checkouts/plonky2-7767d84a5a370f2d/56e1b98/plonky2/src/iop/witness.rs:30:8\u001b[0m\n\u001b[0m   \u001b[0m\u001b[0m\u001b[1m\u001b[38;5;12m|\u001b[0m\n\u001b[0m\u001b[1m\u001b[38;5;12m30\u001b[0m\u001b[0m \u001b[0m\u001b[0m\u001b[1m\u001b[38;5;12m|\u001b[0m\u001b[0m \u001b[0m\u001b[0m    fn set_cap_target<H: AlgebraicHasher<F>>(\u001b[0m\n\u001b[0m   \u001b[0m\u001b[0m\u001b[1m\u001b[38;5;12m| \u001b[0m\u001b[0m       \u001b[0m\u001b[0m\u001b[1m\u001b[38;5;12m--------------\u001b[0m\u001b[0m \u001b[0m\u001b[0m\u001b[1m\u001b[38;5;12mthe method is available for `PartialWitness<_>` here\u001b[0m\n\u001b[0m   \u001b[0m\u001b[0m\u001b[1m\u001b[38;5;12m|\u001b[0m\n\u001b[0m   \u001b[0m\u001b[0m\u001b[1m\u001b[38;5;12m= \u001b[0m\u001b[0m\u001b[1mhelp\u001b[0m\u001b[0m: items from traits can only be used if the trait is in scope\u001b[0m\n\u001b[0m\u001b[1m\u001b[38;5;14mhelp\u001b[0m\u001b[0m: trait `WitnessWrite` which provides `set_cap_target` is implemented but not in scope; perhaps you want to import it\u001b[0m\n\u001b[0m   \u001b[0m\u001b[0m\u001b[1m\u001b[38;5;12m|\u001b[0m\n\u001b[0m\u001b[1m\u001b[38;5;12m1\u001b[0m\u001b[0m  \u001b[0m\u001b[0m\u001b[38;5;10m+ use plonky2::iop::witness::WitnessWrite;\u001b[0m\n\u001b[0m   \u001b[0m\u001b[0m\u001b[1m\u001b[38;5;12m|\u001b[0m\n\u001b[0m\u001b[1m\u001b[38;5;14mhelp\u001b[0m\u001b[0m: there is a method `set_target` with a similar name\u001b[0m\n\u001b[0m   \u001b[0m\u001b[0m\u001b[1m\u001b[38;5;12m|\u001b[0m\n\u001b[0m\u001b[1m\u001b[38;5;12m62\u001b[0m\u001b[0m \u001b[0m\u001b[0m\u001b[1m\u001b[38;5;12m| \u001b[0m\u001b[0m        pw.\u001b[0m\u001b[0m\u001b[38;5;10mset_target\u001b[0m\u001b[0m(\u001b[0m\n\u001b[0m   \u001b[0m\u001b[0m\u001b[1m\u001b[38;5;12m|\u001b[0m\u001b[0m            \u001b[0m\u001b[0m\u001b[38;5;10m~~~~~~~~~~\u001b[0m\n\n"}
{"$message_type":"diagnostic","message":"mismatched types","code":{"code":"E0308","explanation":"Expected type did not match the received type.\n\nErroneous code examples:\n\n```compile_fail,E0308\nfn plus_one(x: i32) -> i32 {\n    x + 1\n}\n\nplus_one(\"Not a number\");\n//       ^^^^^^^^^^^^^^ expected `i32`, found `&str`\n\nif \"Not a bool\" {\n// ^^^^^^^^^^^^ expected `bool`, found `&str`\n}\n\nlet x: f32 = \"Not a float\";\n//     ---   ^^^^^^^^^^^^^ expected `f32`, found `&str`\n//     |\n//     expected due to this\n```\n\nThis error occurs when an expression was used in a place where the compiler\nexpected an expression of a different type. It can occur in several cases, the\nmost common being when calling a function and passing an argument which has a\ndifferent type than the matching type in the function declaration.\n"},"level":"error","spans":[{"file_name":"src/recursion.rs","byte_start":2205,"byte_end":2218,"line_start":67,"line_end":67,"column_start":30,"column_end":43,"is_primary":true,"text":[{"text":"        builder.verify_proof(proof_target0, &vd_target, &verifier_data.common);","highlight_start":30,"highlight_end":43}],"label":"expected `&ProofWithPublicInputsTarget<2>`, found `ProofWithPublicInputsTarget<2>`","suggested_replacement":null,"suggestion_applicability":null,"expansion":null},{"file_name":"src/recursion.rs","byte_start":2192,"byte_end":2204,"line_start":67,"line_end":67,"column_start":17,"column_end":29,"is_primary":false,"text":[{"text":"        builder.verify_proof(proof_target0, &vd_target, &verifier_data.common);","highlight_start":17,"highlight_end":29}],"label":"arguments to this method are incorrect","suggested_replacement":null,"suggestion_applicability":null,"expansion":null}],"children":[{"message":"expected reference `&ProofWithPublicInputsTarget<_>`\n      found struct `ProofWithPublicInputsTarget<_>`","code":null,"level":"note","spans":[],"children":[],"rendered":null},{"message":"method defined here","code":null,"level":"note","spans":[{"file_name":"/home/shuang/.cargo/git/checkouts/plonky2-7767d84a5a370f2d/56e1b98/plonky2/src/recursion/recursive_verifier.rs","byte_start":802,"byte_end":814,"line_start":20,"line_end":20,"column_start":12,"column_end":24,"is_primary":true,"text":[{"text":"    pub fn verify_proof<C: GenericConfig<D, F = F>>(","highlight_start":12,"highlight_end":24}],"label":null,"suggested_replacement":null,"suggestion_applicability":null,"expansion":null}],"children":[],"rendered":null},{"message":"consider borrowing here","code":null,"level":"help","spans":[{"file_name":"src/recursion.rs","byte_start":2205,"byte_end":2205,"line_start":67,"line_end":67,"column_start":30,"column_end":30,"is_primary":true,"text":[{"text":"        builder.verify_proof(proof_target0, &vd_target, &verifier_data.common);","highlight_start":30,"highlight_end":30}],"label":null,"suggested_replacement":"&","suggestion_applicability":"MachineApplicable","expansion":null}],"children":[],"rendered":null}],"rendered":"\u001b[0m\u001b[1m\u001b[38;5;9merror[E0308]\u001b[0m\u001b[0m\u001b[1m: mismatched types\u001b[0m\n\u001b[0m  \u001b[0m\u001b[0m\u001b[1m\u001b[38;5;12m--> \u001b[0m\u001b[0msrc/recursion.rs:67:30\u001b[0m\n\u001b[0m   \u001b[0m\u001b[0m\u001b[1m\u001b[38;5;12m|\u001b[0m\n\u001b[0m\u001b[1m\u001b[38;5;12m67\u001b[0m\u001b[0m \u001b[0m\u001b[0m\u001b[1m\u001b[38;5;12m|\u001b[0m\u001b[0m \u001b[0m\u001b[0m        builder.verify_proof(proof_target0, &vd_target, &verifier_data.common);\u001b[0m\n\u001b[0m   \u001b[0m\u001b[0m\u001b[1m\u001b[38;5;12m| \u001b[0m\u001b[0m                \u001b[0m\u001b[0m\u001b[1m\u001b[38;5;12m------------\u001b[0m\u001b[0m \u001b[0m\u001b[0m\u001b[1m\u001b[38;5;9m^^^^^^^^^^^^^\u001b[0m\u001b[0m \u001b[0m\u001b[0m\u001b[1m\u001b[38;5;9mexpected `&ProofWithPublicInputsTarget<2>`, found `ProofWithPublicInputsTarget<2>`\u001b[0m\n\u001b[0m   \u001b[0m\u001b[0m\u001b[1m\u001b[38;5;12m| \u001b[0m\u001b[0m                \u001b[0m\u001b[0m\u001b[1m\u001b[38;5;12m|\u001b[0m\n\u001b[0m   \u001b[0m\u001b[0m\u001b[1m\u001b[38;5;12m| \u001b[0m\u001b[0m                \u001b[0m\u001b[0m\u001b[1m\u001b[38;5;12marguments to this method are incorrect\u001b[0m\n\u001b[0m   \u001b[0m\u001b[0m\u001b[1m\u001b[38;5;12m|\u001b[0m\n\u001b[0m   \u001b[0m\u001b[0m\u001b[1m\u001b[38;5;12m= \u001b[0m\u001b[0m\u001b[1mnote\u001b[0m\u001b[0m: expected reference `\u001b[0m\u001b[0m\u001b[1m\u001b[35m&\u001b[0m\u001b[0mProofWithPublicInputsTarget<_>`\u001b[0m\n\u001b[0m                 found struct `ProofWithPublicInputsTarget<_>`\u001b[0m\n\u001b[0m\u001b[1m\u001b[38;5;10mnote\u001b[0m\u001b[0m: method defined here\u001b[0m\n\u001b[0m  \u001b[0m\u001b[0m\u001b[1m\u001b[38;5;12m--> \u001b[0m\u001b[0m/home/shuang/.cargo/git/checkouts/plonky2-7767d84a5a370f2d/56e1b98/plonky2/src/recursion/recursive_verifier.rs:20:12\u001b[0m\n\u001b[0m   \u001b[0m\u001b[0m\u001b[1m\u001b[38;5;12m|\u001b[0m\n\u001b[0m\u001b[1m\u001b[38;5;12m20\u001b[0m\u001b[0m \u001b[0m\u001b[0m\u001b[1m\u001b[38;5;12m|\u001b[0m\u001b[0m \u001b[0m\u001b[0m    pub fn verify_proof<C: GenericConfig<D, F = F>>(\u001b[0m\n\u001b[0m   \u001b[0m\u001b[0m\u001b[1m\u001b[38;5;12m| \u001b[0m\u001b[0m           \u001b[0m\u001b[0m\u001b[1m\u001b[38;5;10m^^^^^^^^^^^^\u001b[0m\n\u001b[0m\u001b[1m\u001b[38;5;14mhelp\u001b[0m\u001b[0m: consider borrowing here\u001b[0m\n\u001b[0m   \u001b[0m\u001b[0m\u001b[1m\u001b[38;5;12m|\u001b[0m\n\u001b[0m\u001b[1m\u001b[38;5;12m67\u001b[0m\u001b[0m \u001b[0m\u001b[0m\u001b[1m\u001b[38;5;12m| \u001b[0m\u001b[0m        builder.verify_proof(\u001b[0m\u001b[0m\u001b[38;5;10m&\u001b[0m\u001b[0mproof_target0, &vd_target, &verifier_data.common);\u001b[0m\n\u001b[0m   \u001b[0m\u001b[0m\u001b[1m\u001b[38;5;12m|\u001b[0m\u001b[0m                              \u001b[0m\u001b[0m\u001b[38;5;10m+\u001b[0m\n\n"}
{"$message_type":"diagnostic","message":"mismatched types","code":{"code":"E0308","explanation":"Expected type did not match the received type.\n\nErroneous code examples:\n\n```compile_fail,E0308\nfn plus_one(x: i32) -> i32 {\n    x + 1\n}\n\nplus_one(\"Not a number\");\n//       ^^^^^^^^^^^^^^ expected `i32`, found `&str`\n\nif \"Not a bool\" {\n// ^^^^^^^^^^^^ expected `bool`, found `&str`\n}\n\nlet x: f32 = \"Not a float\";\n//     ---   ^^^^^^^^^^^^^ expected `f32`, found `&str`\n//     |\n//     expected due to this\n```\n\nThis error occurs when an expression was used in a place where the compiler\nexpected an expression of a different type. It can occur in several cases, the\nmost common being when calling a function and passing an argument which has a\ndifferent type than the matching type in the function declaration.\n"},"level":"error","spans":[{"file_name":"src/recursion.rs","byte_start":2285,"byte_end":2298,"line_start":68,"line_end":68,"column_start":30,"column_end":43,"is_primary":true,"text":[{"text":"        builder.verify_proof(proof_target1, &vd_target, &verifier_data.common);","highlight_start":30,"highlight_end":43}],"label":"expected `&ProofWithPublicInputsTarget<2>`, found `ProofWithPublicInputsTarget<2>`","suggested_replacement":null,"suggestion_applicability":null,"expansion":null},{"file_name":"src/recursion.rs","byte_start":2272,"byte_end":2284,"line_start":68,"line_end":68,"column_start":17,"column_end":29,"is_primary":false,"text":[{"text":"        builder.verify_proof(proof_target1, &vd_target, &verifier_data.common);","highlight_start":17,"highlight_end":29}],"label":"arguments to this method are incorrect","suggested_replacement":null,"suggestion_applicability":null,"expansion":null}],"children":[{"message":"expected reference `&ProofWithPublicInputsTarget<_>`\n      found struct `ProofWithPublicInputsTarget<_>`","code":null,"level":"note","spans":[],"children":[],"rendered":null},{"message":"method defined here","code":null,"level":"note","spans":[{"file_name":"/home/shuang/.cargo/git/checkouts/plonky2-7767d84a5a370f2d/56e1b98/plonky2/src/recursion/recursive_verifier.rs","byte_start":802,"byte_end":814,"line_start":20,"line_end":20,"column_start":12,"column_end":24,"is_primary":true,"text":[{"text":"    pub fn verify_proof<C: GenericConfig<D, F = F>>(","highlight_start":12,"highlight_end":24}],"label":null,"suggested_replacement":null,"suggestion_applicability":null,"expansion":null}],"children":[],"rendered":null},{"message":"consider borrowing here","code":null,"level":"help","spans":[{"file_name":"src/recursion.rs","byte_start":2285,"byte_end":2285,"line_start":68,"line_end":68,"column_start":30,"column_end":30,"is_primary":true,"text":[{"text":"        builder.verify_proof(proof_target1, &vd_target, &verifier_data.common);","highlight_start":30,"highlight_end":30}],"label":null,"suggested_replacement":"&","suggestion_applicability":"MachineApplicable","expansion":null}],"children":[],"rendered":null}],"rendered":"\u001b[0m\u001b[1m\u001b[38;5;9merror[E0308]\u001b[0m\u001b[0m\u001b[1m: mismatched types\u001b[0m\n\u001b[0m  \u001b[0m\u001b[0m\u001b[1m\u001b[38;5;12m--> \u001b[0m\u001b[0msrc/recursion.rs:68:30\u001b[0m\n\u001b[0m   \u001b[0m\u001b[0m\u001b[1m\u001b[38;5;12m|\u001b[0m\n\u001b[0m\u001b[1m\u001b[38;5;12m68\u001b[0m\u001b[0m \u001b[0m\u001b[0m\u001b[1m\u001b[38;5;12m|\u001b[0m\u001b[0m \u001b[0m\u001b[0m        builder.verify_proof(proof_target1, &vd_target, &verifier_data.common);\u001b[0m\n\u001b[0m   \u001b[0m\u001b[0m\u001b[1m\u001b[38;5;12m| \u001b[0m\u001b[0m                \u001b[0m\u001b[0m\u001b[1m\u001b[38;5;12m------------\u001b[0m\u001b[0m \u001b[0m\u001b[0m\u001b[1m\u001b[38;5;9m^^^^^^^^^^^^^\u001b[0m\u001b[0m \u001b[0m\u001b[0m\u001b[1m\u001b[38;5;9mexpected `&ProofWithPublicInputsTarget<2>`, found `ProofWithPublicInputsTarget<2>`\u001b[0m\n\u001b[0m   \u001b[0m\u001b[0m\u001b[1m\u001b[38;5;12m| \u001b[0m\u001b[0m                \u001b[0m\u001b[0m\u001b[1m\u001b[38;5;12m|\u001b[0m\n\u001b[0m   \u001b[0m\u001b[0m\u001b[1m\u001b[38;5;12m| \u001b[0m\u001b[0m                \u001b[0m\u001b[0m\u001b[1m\u001b[38;5;12marguments to this method are incorrect\u001b[0m\n\u001b[0m   \u001b[0m\u001b[0m\u001b[1m\u001b[38;5;12m|\u001b[0m\n\u001b[0m   \u001b[0m\u001b[0m\u001b[1m\u001b[38;5;12m= \u001b[0m\u001b[0m\u001b[1mnote\u001b[0m\u001b[0m: expected reference `\u001b[0m\u001b[0m\u001b[1m\u001b[35m&\u001b[0m\u001b[0mProofWithPublicInputsTarget<_>`\u001b[0m\n\u001b[0m                 found struct `ProofWithPublicInputsTarget<_>`\u001b[0m\n\u001b[0m\u001b[1m\u001b[38;5;10mnote\u001b[0m\u001b[0m: method defined here\u001b[0m\n\u001b[0m  \u001b[0m\u001b[0m\u001b[1m\u001b[38;5;12m--> \u001b[0m\u001b[0m/home/shuang/.cargo/git/checkouts/plonky2-7767d84a5a370f2d/56e1b98/plonky2/src/recursion/recursive_verifier.rs:20:12\u001b[0m\n\u001b[0m   \u001b[0m\u001b[0m\u001b[1m\u001b[38;5;12m|\u001b[0m\n\u001b[0m\u001b[1m\u001b[38;5;12m20\u001b[0m\u001b[0m \u001b[0m\u001b[0m\u001b[1m\u001b[38;5;12m|\u001b[0m\u001b[0m \u001b[0m\u001b[0m    pub fn verify_proof<C: GenericConfig<D, F = F>>(\u001b[0m\n\u001b[0m   \u001b[0m\u001b[0m\u001b[1m\u001b[38;5;12m| \u001b[0m\u001b[0m           \u001b[0m\u001b[0m\u001b[1m\u001b[38;5;10m^^^^^^^^^^^^\u001b[0m\n\u001b[0m\u001b[1m\u001b[38;5;14mhelp\u001b[0m\u001b[0m: consider borrowing here\u001b[0m\n\u001b[0m   \u001b[0m\u001b[0m\u001b[1m\u001b[38;5;12m|\u001b[0m\n\u001b[0m\u001b[1m\u001b[38;5;12m68\u001b[0m\u001b[0m \u001b[0m\u001b[0m\u001b[1m\u001b[38;5;12m| \u001b[0m\u001b[0m        builder.verify_proof(\u001b[0m\u001b[0m\u001b[38;5;10m&\u001b[0m\u001b[0mproof_target1, &vd_target, &verifier_data.common);\u001b[0m\n\u001b[0m   \u001b[0m\u001b[0m\u001b[1m\u001b[38;5;12m|\u001b[0m\u001b[0m                              \u001b[0m\u001b[0m\u001b[38;5;10m+\u001b[0m\n\n"}
{"$message_type":"diagnostic","message":"no function or associated item named `rand_arr` found for struct `GoldilocksField` in the current scope","code":{"code":"E0599","explanation":"This error occurs when a method is used on a type which doesn't implement it:\n\nErroneous code example:\n\n```compile_fail,E0599\nstruct Mouth;\n\nlet x = Mouth;\nx.chocolate(); // error: no method named `chocolate` found for type `Mouth`\n               //        in the current scope\n```\n\nIn this case, you need to implement the `chocolate` method to fix the error:\n\n```\nstruct Mouth;\n\nimpl Mouth {\n    fn chocolate(&self) { // We implement the `chocolate` method here.\n        println!(\"Hmmm! I love chocolate!\");\n    }\n}\n\nlet x = Mouth;\nx.chocolate(); // ok!\n```\n"},"level":"error","spans":[{"file_name":"src/signal.rs","byte_start":843,"byte_end":851,"line_start":30,"line_end":30,"column_start":59,"column_end":67,"is_primary":true,"text":[{"text":"        let private_keys: Vec<Digest> = (0..n).map(|_| F::rand_arr()).collect();","highlight_start":59,"highlight_end":67}],"label":"function or associated item not found in `GoldilocksField`","suggested_replacement":null,"suggestion_applicability":null,"expansion":null}],"children":[{"message":"there is an associated function `rand_array` with a similar name","code":null,"level":"help","spans":[{"file_name":"src/signal.rs","byte_start":843,"byte_end":851,"line_start":30,"line_end":30,"column_start":59,"column_end":67,"is_primary":true,"text":[{"text":"        let private_keys: Vec<Digest> = (0..n).map(|_| F::rand_arr()).collect();","highlight_start":59,"highlight_end":67}],"label":null,"suggested_replacement":"rand_array","suggestion_applicability":"MaybeIncorrect","expansion":null}],"children":[],"rendered":null}],"rendered":"\u001b[0m\u001b[1m\u001b[38;5;9merror[E0599]\u001b[0m\u001b[0m\u001b[1m: no function or associated item named `rand_arr` found for struct `GoldilocksField` in the current scope\u001b[0m\n\u001b[0m  \u001b[0m\u001b[0m\u001b[1m\u001b[38;5;12m--> \u001b[0m\u001b[0msrc/signal.rs:30:59\u001b[0m\n\u001b[0m   \u001b[0m\u001b[0m\u001b[1m\u001b[38;5;12m|\u001b[0m\n\u001b[0m\u001b[1m\u001b[38;5;12m30\u001b[0m\u001b[0m \u001b[0m\u001b[0m\u001b[1m\u001b[38;5;12m|\u001b[0m\u001b[0m \u001b[0m\u001b[0m        let private_keys: Vec<Digest> = (0..n).map(|_| F::rand_arr()).collect();\u001b[0m\n\u001b[0m   \u001b[0m\u001b[0m\u001b[1m\u001b[38;5;12m| \u001b[0m\u001b[0m                                                          \u001b[0m\u001b[0m\u001b[1m\u001b[38;5;9m^^^^^^^^\u001b[0m\u001b[0m \u001b[0m\u001b[0m\u001b[1m\u001b[38;5;9mfunction or associated item not found in `GoldilocksField`\u001b[0m\n\u001b[0m   \u001b[0m\u001b[0m\u001b[1m\u001b[38;5;12m|\u001b[0m\n\u001b[0m\u001b[1m\u001b[38;5;14mhelp\u001b[0m\u001b[0m: there is an associated function `rand_array` with a similar name\u001b[0m\n\u001b[0m   \u001b[0m\u001b[0m\u001b[1m\u001b[38;5;12m|\u001b[0m\n\u001b[0m\u001b[1m\u001b[38;5;12m30\u001b[0m\u001b[0m \u001b[0m\u001b[0m\u001b[1m\u001b[38;5;12m| \u001b[0m\u001b[0m        let private_keys: Vec<Digest> = (0..n).map(|_| F::\u001b[0m\u001b[0m\u001b[38;5;10mrand_array\u001b[0m\u001b[0m()).collect();\u001b[0m\n\u001b[0m   \u001b[0m\u001b[0m\u001b[1m\u001b[38;5;12m|\u001b[0m\u001b[0m                                                           \u001b[0m\u001b[0m\u001b[38;5;10m~~~~~~~~~~\u001b[0m\n\n"}
{"$message_type":"diagnostic","message":"no associated item named `ZERO` found for struct `GoldilocksField` in the current scope","code":{"code":"E0599","explanation":"This error occurs when a method is used on a type which doesn't implement it:\n\nErroneous code example:\n\n```compile_fail,E0599\nstruct Mouth;\n\nlet x = Mouth;\nx.chocolate(); // error: no method named `chocolate` found for type `Mouth`\n               //        in the current scope\n```\n\nIn this case, you need to implement the `chocolate` method to fix the error:\n\n```\nstruct Mouth;\n\nimpl Mouth {\n    fn chocolate(&self) { // We implement the `chocolate` method here.\n        println!(\"Hmmm! I love chocolate!\");\n    }\n}\n\nlet x = Mouth;\nx.chocolate(); // ok!\n```\n"},"level":"error","spans":[{"file_name":"src/signal.rs","byte_start":1015,"byte_end":1019,"line_start":34,"line_end":34,"column_start":53,"column_end":57,"is_primary":true,"text":[{"text":"                PoseidonHash::hash_no_pad(&[sk, [F::ZERO; 4]].concat())","highlight_start":53,"highlight_end":57}],"label":"associated item not found in `GoldilocksField`","suggested_replacement":null,"suggestion_applicability":null,"expansion":null}],"children":[{"message":"items from traits can only be used if the trait is in scope","code":null,"level":"help","spans":[],"children":[],"rendered":null},{"message":"trait `Field` which provides `ZERO` is implemented but not in scope; perhaps you want to import it","code":null,"level":"help","spans":[{"file_name":"src/signal.rs","byte_start":433,"byte_end":433,"line_start":18,"line_end":18,"column_start":5,"column_end":5,"is_primary":true,"text":[{"text":"    use anyhow::Result;","highlight_start":5,"highlight_end":5}],"label":null,"suggested_replacement":"use plonky2::plonky2_field::types::Field;\n","suggestion_applicability":"MaybeIncorrect","expansion":null}],"children":[],"rendered":null},{"message":"there is an associated constant `ZEROS` with a similar name","code":null,"level":"help","spans":[{"file_name":"src/signal.rs","byte_start":1015,"byte_end":1019,"line_start":34,"line_end":34,"column_start":53,"column_end":57,"is_primary":true,"text":[{"text":"                PoseidonHash::hash_no_pad(&[sk, [F::ZERO; 4]].concat())","highlight_start":53,"highlight_end":57}],"label":null,"suggested_replacement":"ZEROS","suggestion_applicability":"MaybeIncorrect","expansion":null}],"children":[],"rendered":null}],"rendered":"\u001b[0m\u001b[1m\u001b[38;5;9merror[E0599]\u001b[0m\u001b[0m\u001b[1m: no associated item named `ZERO` found for struct `GoldilocksField` in the current scope\u001b[0m\n\u001b[0m  \u001b[0m\u001b[0m\u001b[1m\u001b[38;5;12m--> \u001b[0m\u001b[0msrc/signal.rs:34:53\u001b[0m\n\u001b[0m   \u001b[0m\u001b[0m\u001b[1m\u001b[38;5;12m|\u001b[0m\n\u001b[0m\u001b[1m\u001b[38;5;12m34\u001b[0m\u001b[0m \u001b[0m\u001b[0m\u001b[1m\u001b[38;5;12m|\u001b[0m\u001b[0m \u001b[0m\u001b[0m                PoseidonHash::hash_no_pad(&[sk, [F::ZERO; 4]].concat())\u001b[0m\n\u001b[0m   \u001b[0m\u001b[0m\u001b[1m\u001b[38;5;12m| \u001b[0m\u001b[0m                                                    \u001b[0m\u001b[0m\u001b[1m\u001b[38;5;9m^^^^\u001b[0m\u001b[0m \u001b[0m\u001b[0m\u001b[1m\u001b[38;5;9massociated item not found in `GoldilocksField`\u001b[0m\n\u001b[0m   \u001b[0m\u001b[0m\u001b[1m\u001b[38;5;12m|\u001b[0m\n\u001b[0m   \u001b[0m\u001b[0m\u001b[1m\u001b[38;5;12m= \u001b[0m\u001b[0m\u001b[1mhelp\u001b[0m\u001b[0m: items from traits can only be used if the trait is in scope\u001b[0m\n\u001b[0m\u001b[1m\u001b[38;5;14mhelp\u001b[0m\u001b[0m: trait `Field` which provides `ZERO` is implemented but not in scope; perhaps you want to import it\u001b[0m\n\u001b[0m   \u001b[0m\u001b[0m\u001b[1m\u001b[38;5;12m|\u001b[0m\n\u001b[0m\u001b[1m\u001b[38;5;12m18\u001b[0m\u001b[0m \u001b[0m\u001b[0m\u001b[38;5;10m+ \u001b[0m\u001b[0m    \u001b[0m\u001b[0m\u001b[38;5;10muse plonky2::plonky2_field::types::Field;\u001b[0m\n\u001b[0m   \u001b[0m\u001b[0m\u001b[1m\u001b[38;5;12m|\u001b[0m\n\u001b[0m\u001b[1m\u001b[38;5;14mhelp\u001b[0m\u001b[0m: there is an associated constant `ZEROS` with a similar name\u001b[0m\n\u001b[0m   \u001b[0m\u001b[0m\u001b[1m\u001b[38;5;12m|\u001b[0m\n\u001b[0m\u001b[1m\u001b[38;5;12m34\u001b[0m\u001b[0m \u001b[0m\u001b[0m\u001b[1m\u001b[38;5;12m| \u001b[0m\u001b[0m                PoseidonHash::hash_no_pad(&[sk, [F::\u001b[0m\u001b[0m\u001b[38;5;10mZEROS\u001b[0m\u001b[0m; 4]].concat())\u001b[0m\n\u001b[0m   \u001b[0m\u001b[0m\u001b[1m\u001b[38;5;12m|\u001b[0m\u001b[0m                                                     \u001b[0m\u001b[0m\u001b[38;5;10m~~~~~\u001b[0m\n\n"}
{"$message_type":"diagnostic","message":"no function or associated item named `rand_arr` found for struct `GoldilocksField` in the current scope","code":{"code":"E0599","explanation":"This error occurs when a method is used on a type which doesn't implement it:\n\nErroneous code example:\n\n```compile_fail,E0599\nstruct Mouth;\n\nlet x = Mouth;\nx.chocolate(); // error: no method named `chocolate` found for type `Mouth`\n               //        in the current scope\n```\n\nIn this case, you need to implement the `chocolate` method to fix the error:\n\n```\nstruct Mouth;\n\nimpl Mouth {\n    fn chocolate(&self) { // We implement the `chocolate` method here.\n        println!(\"Hmmm! I love chocolate!\");\n    }\n}\n\nlet x = Mouth;\nx.chocolate(); // ok!\n```\n"},"level":"error","spans":[{"file_name":"src/signal.rs","byte_start":1247,"byte_end":1255,"line_start":42,"line_end":42,"column_start":24,"column_end":32,"is_primary":true,"text":[{"text":"        let topic = F::rand_arr();","highlight_start":24,"highlight_end":32}],"label":"function or associated item not found in `GoldilocksField`","suggested_replacement":null,"suggestion_applicability":null,"expansion":null}],"children":[{"message":"there is an associated function `rand_array` with a similar name","code":null,"level":"help","spans":[{"file_name":"src/signal.rs","byte_start":1247,"byte_end":1255,"line_start":42,"line_end":42,"column_start":24,"column_end":32,"is_primary":true,"text":[{"text":"        let topic = F::rand_arr();","highlight_start":24,"highlight_end":32}],"label":null,"suggested_replacement":"rand_array","suggestion_applicability":"MaybeIncorrect","expansion":null}],"children":[],"rendered":null}],"rendered":"\u001b[0m\u001b[1m\u001b[38;5;9merror[E0599]\u001b[0m\u001b[0m\u001b[1m: no function or associated item named `rand_arr` found for struct `GoldilocksField` in the current scope\u001b[0m\n\u001b[0m  \u001b[0m\u001b[0m\u001b[1m\u001b[38;5;12m--> \u001b[0m\u001b[0msrc/signal.rs:42:24\u001b[0m\n\u001b[0m   \u001b[0m\u001b[0m\u001b[1m\u001b[38;5;12m|\u001b[0m\n\u001b[0m\u001b[1m\u001b[38;5;12m42\u001b[0m\u001b[0m \u001b[0m\u001b[0m\u001b[1m\u001b[38;5;12m|\u001b[0m\u001b[0m \u001b[0m\u001b[0m        let topic = F::rand_arr();\u001b[0m\n\u001b[0m   \u001b[0m\u001b[0m\u001b[1m\u001b[38;5;12m| \u001b[0m\u001b[0m                       \u001b[0m\u001b[0m\u001b[1m\u001b[38;5;9m^^^^^^^^\u001b[0m\u001b[0m \u001b[0m\u001b[0m\u001b[1m\u001b[38;5;9mfunction or associated item not found in `GoldilocksField`\u001b[0m\n\u001b[0m   \u001b[0m\u001b[0m\u001b[1m\u001b[38;5;12m|\u001b[0m\n\u001b[0m\u001b[1m\u001b[38;5;14mhelp\u001b[0m\u001b[0m: there is an associated function `rand_array` with a similar name\u001b[0m\n\u001b[0m   \u001b[0m\u001b[0m\u001b[1m\u001b[38;5;12m|\u001b[0m\n\u001b[0m\u001b[1m\u001b[38;5;12m42\u001b[0m\u001b[0m \u001b[0m\u001b[0m\u001b[1m\u001b[38;5;12m| \u001b[0m\u001b[0m        let topic = F::\u001b[0m\u001b[0m\u001b[38;5;10mrand_array\u001b[0m\u001b[0m();\u001b[0m\n\u001b[0m   \u001b[0m\u001b[0m\u001b[1m\u001b[38;5;12m|\u001b[0m\u001b[0m                        \u001b[0m\u001b[0m\u001b[38;5;10m~~~~~~~~~~\u001b[0m\n\n"}
{"$message_type":"diagnostic","message":"aborting due to 18 previous errors; 2 warnings emitted","code":null,"level":"error","spans":[],"children":[],"rendered":"\u001b[0m\u001b[1m\u001b[38;5;9merror\u001b[0m\u001b[0m\u001b[1m: aborting due to 18 previous errors; 2 warnings emitted\u001b[0m\n\n"}
{"$message_type":"diagnostic","message":"Some errors have detailed explanations: E0063, E0308, E0432, E0599.","code":null,"level":"failure-note","spans":[],"children":[],"rendered":"\u001b[0m\u001b[1mSome errors have detailed explanations: E0063, E0308, E0432, E0599.\u001b[0m\n"}
{"$message_type":"diagnostic","message":"For more information about an error, try `rustc --explain E0063`.","code":null,"level":"failure-note","spans":[],"children":[],"rendered":"\u001b[0m\u001b[1mFor more information about an error, try `rustc --explain E0063`.\u001b[0m\n"}
